[01/08/18, 09:05:31:389] info: ╔══════════════════════════════════════════════════════════════════════════════╗
[01/08/18, 09:05:31:390] info: ║      Slack 3.0.2, linux 4.14.12-1-ARCH on x64 at 01/08/18, 09:05:31:387      ║
[01/08/18, 09:05:31:390] info: ╚══════════════════════════════════════════════════════════════════════════════╝
[01/08/18, 09:05:31:546] info: Initializing local storage instance at path: /home/lotus/.config/Slack/local-settings.json
[01/08/18, 09:05:31:732] info: TraceRecorder: setting up trace recorder, trace will be stored under /home/lotus/.config/Slack/logs/recorded-trace
[01/08/18, 09:05:32:537] info: Store: persist/REHYDRATE
[01/08/18, 09:05:32:538] info: initializeMainWindowEpic: Waiting for sign-in
[01/08/18, 09:05:32:538] info: NetworkStatus: Waiting for network online…
[01/08/18, 09:05:32:540] info: UpdaterEpics: Updates disabled because
{
  "reasons": [
    "using Linux"
  ]
}
[01/08/18, 09:05:32:567] error: Couldn't get Linux distro info
[01/08/18, 09:05:32:670] info: Tray Handler: Showing a tray balloon with title: Welcome to Slack!
[01/08/18, 09:05:32:675] info: Store: INITIALIZE_SETTINGS
{
  "releaseChannel": "prod",
  "platformVersion": {
    "major": 4,
    "minor": 14,
    "build": 12
  },
  "isTitleBarHidden": false,
  "isDevMode": false,
  "appVersion": "3.0.2",
  "versionName": "Around The World",
  "devEnv": null,
  "resourcePath": "/usr/lib/slack/resources/app.asar",
  "webappSrcPath": null,
  "webappParams": null,
  "launchOnStartup": false,
  "openDevToolsOnStart": false,
  "logFile": null,
  "pretendNotReallyWindows10": false,
  "isAeroGlassEnabled": false,
  "linux": {
    "os": "",
    "release": "",
    "desktopEnvironment": ""
  }
}
[01/08/18, 09:05:32:677] info: AutoLoginEpic: Checking for autologin.
[01/08/18, 09:05:32:677] info: AutoLoginEpic: Completed autologin processing — successfully logged in 0 workspaces.
[01/08/18, 09:05:32:677] info: Store: AUTOLOGIN_TEAMS_COMPLETE
[01/08/18, 09:05:32:677] info: signInNewTeamEpic: No teams signed in, showing sign-in window
[01/08/18, 09:05:32:696] info: SignInEpic: Loading URL in new window
{
  "signInUrl": "https://slack.com/signin"
}
[01/08/18, 09:05:32:709] info: Store: UPDATE_SETTINGS
{
  "hasRunApp": true
}
[01/08/18, 09:05:32:717] info: WebContentsMediator: Attaching to new webContents
[01/08/18, 09:05:32:727] info: Store: ADD_WINDOW
{
  "id": 2,
  "type": "main"
}
[01/08/18, 09:05:32:731] info: BrowserViewManager: Starting initialization
[01/08/18, 09:05:32:732] info: BrowserViewManager: Finished initialization
{
  "elapsed": 1
}
[01/08/18, 09:05:32:735] info: PersistSettingsWindowBehavior: Loading windowMetrics
{
  "settings": null
}
[01/08/18, 09:05:32:736] info: PersistSettingsWindowBehavior: Resetting to default window position
{
  "settings": {
    "position": [
      384,
      108
    ],
    "size": [
      1152,
      864
    ]
  }
}
[01/08/18, 09:05:32:736] info: Store: SAVE_WINDOW_SETTINGS
{
  "position": [
    384,
    108
  ],
  "size": [
    1152,
    864
  ]
}
[01/08/18, 09:05:32:755] info: Store: UPDATE_SETTINGS
{
  "PrefSSBFileDownloadPath": "/home/lotus/Downloads"
}
[01/08/18, 09:05:32:757] info: DownloadListener: Downloads directory set to /home/lotus/Downloads
[01/08/18, 09:05:32:758] info: Application: Setting main window ID
{
  "id": 2
}
[01/08/18, 09:05:32:760] info: App: Welcome to Slack 3.0.2 x64
[01/08/18, 09:05:32:760] info: App load time: 1518ms
[01/08/18, 09:05:32:767] info: NetworkStatus: Response from api.test
{
  "status": "online"
}
[01/08/18, 09:05:32:768] info: Store: SET_NETWORK_STATUS online
[01/08/18, 09:05:32:779] info: Store: SET_FULL_SCREEN
[01/08/18, 09:05:32:796] info: TransformPasswords: Writing entire reducer
[01/08/18, 09:06:11:134] info: SignInEpic: Received team(s) from the webapp
[01/08/18, 09:06:11:135] info: SignInEpic: Got signal!
[01/08/18, 09:06:11:135] info: SignInEpic: Sign-in window closed
[01/08/18, 09:06:11:136] info: maybeQuitAppAction
{
  "canceledSignIn": false,
  "hasNoTeams": true
}
[01/08/18, 09:06:11:136] info: SignInEpic: End of the road
{
  "action": "ADD_NEW_TEAM"
}
[01/08/18, 09:06:11:137] info: Store: ADD_NEW_TEAM
{
  "id": "U84DUBCNQ",
  "name": "[REDACTED]",
  "team_id": "T841C37L5",
  "team_name": "[REDACTED]",
  "team_url": "[REDACTED]"
}
[01/08/18, 09:06:11:141] info: BrowserViewManager: Creating views for 1 new teams
[01/08/18, 09:06:11:142] info: BrowserViewManager: Activating BrowserView
{
  "teamId": "T841C37L5"
}
[01/08/18, 09:06:11:142] info: BrowserViewManager: Creating BrowserView
{
  "teamId": "T841C37L5"
}
[01/08/18, 09:06:11:146] info: WebContentsMediator: Attaching to new webContents
[01/08/18, 09:06:11:150] info: BrowserViewManager: 
+-----------+------+-----+
|           | Full | Min |
|-----------+------+-----+
| T841C37L5 | ✔    |     |
+-----------+------+-----+
[01/08/18, 09:06:11:151] info: Store: UPSERT_WEB_CONTENTS
{
  "id": 3,
  "teamId": "T841C37L5",
  "state": "unloaded"
}
[01/08/18, 09:06:11:168] info: BrowserViewManager: Activating BrowserView
{
  "teamId": "T841C37L5"
}
[01/08/18, 09:06:11:170] info: Store: FOREGROUND_APP
[01/08/18, 09:06:11:173] info: initializeMainWindowEpic: Showing main window
{
  "shouldMinimize": false,
  "shouldHide": false
}
[01/08/18, 09:06:11:176] info: Store: MAIN_WINDOW_SHOWN
[01/08/18, 09:06:12:184] info: Store: SAVE_WINDOW_SETTINGS
{
  "size": [
    910,
    980
  ],
  "position": [
    2889,
    59
  ],
  "isMaximized": false
}
[01/08/18, 09:06:14:751] info: WebContents LifeCycle: webContents:3 from 'unloaded' to 'loaded' took 3590 ms
[01/08/18, 09:06:14:752] info: Store: UPSERT_WEB_CONTENTS
{
  "id": 3,
  "state": "loaded",
  "teamId": "T841C37L5"
}
[01/08/18, 09:06:14:990] info: Store: UPDATE_SESSION_STATUS
{
  "hasValidSession": true,
  "teamId": "T841C37L5"
}
[01/08/18, 09:06:15:001] info: Store: SELECT_CHANNEL C84NW9Q9L
[01/08/18, 09:06:15:004] info: Store: UPDATE_TEAM_LOCALE
{
  "locale": "en-US",
  "teamId": "T841C37L5"
}
[01/08/18, 09:06:15:006] info: Store: UPDATE_SETTINGS
{
  "locale": "en-US"
}
[01/08/18, 09:06:15:019] info: Store: UPDATE_TEAM_THEME
{
  "teamId": "T841C37L5",
  "theme": {
    "active_item": "#D39B46",
    "active_item_text": "#FFFFFF",
    "active_presence": "#15b8d1",
    "badge": "#DB6668",
    "column_bg": "#bf4a02",
    "hover_item": "#434745",
    "menu_bg": "#3b3b3b",
    "text_color": "#FFFFFF"
  }
}
[01/08/18, 09:06:15:663] info: Store: UPDATE_TEAM_ICONS
{
  "icons": {
    "image_102": "https://slack-files2.s3-us-west-2.amazonaws.com/avatars/2017-12-07/283183167970_103c256e4d1bd983bc1c_102.jpg",
    "image_132": "https://slack-files2.s3-us-west-2.amazonaws.com/avatars/2017-12-07/283183167970_103c256e4d1bd983bc1c_132.jpg",
    "image_230": "https://slack-files2.s3-us-west-2.amazonaws.com/avatars/2017-12-07/283183167970_103c256e4d1bd983bc1c_230.jpg",
    "image_34": "https://slack-files2.s3-us-west-2.amazonaws.com/avatars/2017-12-07/283183167970_103c256e4d1bd983bc1c_34.jpg",
    "image_44": "https://slack-files2.s3-us-west-2.amazonaws.com/avatars/2017-12-07/283183167970_103c256e4d1bd983bc1c_44.jpg",
    "image_68": "https://slack-files2.s3-us-west-2.amazonaws.com/avatars/2017-12-07/283183167970_103c256e4d1bd983bc1c_68.jpg",
    "image_88": "https://slack-files2.s3-us-west-2.amazonaws.com/avatars/2017-12-07/283183167970_103c256e4d1bd983bc1c_88.jpg",
    "image_original": "https://slack-files2.s3-us-west-2.amazonaws.com/avatars/2017-12-07/283183167970_103c256e4d1bd983bc1c_original.jpg"
  },
  "teamId": "T841C37L5"
}
[01/08/18, 09:06:15:922] info: Store: UPDATE_TEAM_LOCALE
{
  "locale": "en-US",
  "teamId": "T841C37L5"
}
[01/08/18, 09:06:15:929] info: WebContents LifeCycle: webContents:3 from 'loaded' to 'webapp-loaded' took 1178 ms
[01/08/18, 09:06:15:930] info: Store: UPSERT_WEB_CONTENTS
{
  "id": 3,
  "state": "webapp-loaded",
  "teamId": "T841C37L5"
}
[01/08/18, 09:06:16:038] info: Store: STORE_API_TOKEN
{
  "token": "xoxs-⋯",
  "teamId": "T841C37L5"
}
[01/08/18, 09:06:16:040] info: TransformPasswords: Writing entire reducer
[01/08/18, 09:06:16:343] info: WebContentsMediator: Attaching to new webContents
[01/08/18, 09:06:16:710] info: WebContentsMediator: Attaching to new webContents
[01/08/18, 09:06:21:357] info: Store: SAVE_WINDOW_SETTINGS
{
  "size": [
    1838,
    980
  ],
  "position": [
    1961,
    59
  ],
  "isMaximized": false
}
[01/08/18, 09:06:24:207] info: Store: SELECT_CHANNEL C88PMPE86
[01/08/18, 09:06:26:220] info: WebContentsMediator: Attaching to new webContents
[01/08/18, 09:06:27:988] info: Store: SELECT_CHANNEL C841D0DHB
[01/08/18, 09:06:29:305] info: Store: SELECT_CHANNEL C84NW9Q9L
[01/08/18, 17:23:26:952] info: Store: SHOW_WEBAPP_DIALOG
{
  "dialogType": "prefs"
}
[01/08/18, 17:23:34:026] info: Store: UPDATE_SETTINGS
{
  "autoHideMenuBar": true
}
[01/08/18, 17:23:40:559] info: Store: SAVE_WINDOW_SETTINGS
{
  "size": [
    1838,
    980
  ],
  "position": [
    1961,
    59
  ],
  "isMaximized": false
}
[01/08/18, 17:23:42:146] info: Store: OPEN_CONTEXT_MENU
{
  "id": 3,
  "params": "[REDACTED]"
}
[01/08/18, 17:23:54:317] info: Store: SHOW_LOGIN_DIALOG
[01/08/18, 17:23:54:319] info: WebContentsMediator: Attaching to new webContents
[01/08/18, 17:23:54:322] info: SignInEpic: Loading URL in new window
{
  "signInUrl": "https://slack.com/signin"
}
[01/08/18, 17:25:21:498] info: SignInEpic: Received team(s) from the webapp
[01/08/18, 17:25:21:499] info: SignInEpic: Got signal!
[01/08/18, 17:25:21:499] info: SignInEpic: Sign-in window closed
[01/08/18, 17:25:21:500] info: maybeQuitAppAction
{
  "canceledSignIn": false,
  "hasNoTeams": false
}
[01/08/18, 17:25:21:500] info: SignInEpic: End of the road
{
  "action": "ADD_NEW_TEAM"
}
[01/08/18, 17:25:21:500] info: Store: ADD_NEW_TEAM
{
  "id": "U8P4VUBEV",
  "name": "[REDACTED]",
  "team_id": "T8PQCQ6MT",
  "team_name": "[REDACTED]",
  "team_url": "[REDACTED]"
}
[01/08/18, 17:25:21:504] info: BrowserViewManager: Creating views for 1 new teams
[01/08/18, 17:25:21:504] info: BrowserViewManager: Activating BrowserView
{
  "teamId": "T8PQCQ6MT"
}
[01/08/18, 17:25:21:504] info: BrowserViewManager: Creating BrowserView
{
  "teamId": "T8PQCQ6MT"
}
[01/08/18, 17:25:21:506] info: WebContentsMediator: Attaching to new webContents
[01/08/18, 17:25:21:508] info: BrowserViewManager: 
+-----------+------+-----+
|           | Full | Min |
|-----------+------+-----+
| T841C37L5 | ✔    |     |
|-----------+------+-----+
| T8PQCQ6MT | ✔    |     |
+-----------+------+-----+
[01/08/18, 17:25:21:509] info: Store: UPSERT_WEB_CONTENTS
{
  "id": 8,
  "teamId": "T8PQCQ6MT",
  "state": "unloaded"
}
[01/08/18, 17:25:21:528] info: BrowserViewManager: Activating BrowserView
{
  "teamId": "T8PQCQ6MT"
}
[01/08/18, 17:25:24:698] info: WebContents LifeCycle: webContents:8 from 'unloaded' to 'loaded' took 3180 ms
[01/08/18, 17:25:24:698] info: Store: UPSERT_WEB_CONTENTS
{
  "id": 8,
  "state": "loaded",
  "teamId": "T8PQCQ6MT"
}
[01/08/18, 17:25:24:866] info: Store: UPDATE_SESSION_STATUS
{
  "hasValidSession": true,
  "teamId": "T8PQCQ6MT"
}
[01/08/18, 17:25:25:200] info: Store: SELECT_CHANNEL C8QMZAT9V
[01/08/18, 17:25:25:202] info: Store: UPDATE_TEAM_LOCALE
{
  "locale": "en-US",
  "teamId": "T8PQCQ6MT"
}
[01/08/18, 17:25:25:208] info: Store: UPDATE_TEAM_THEME
{
  "teamId": "T8PQCQ6MT",
  "theme": {
    "active_item": "#4C9689",
    "active_item_text": "#FFFFFF",
    "active_presence": "#38978D",
    "badge": "#EB4D5C",
    "column_bg": "#4D394B",
    "hover_item": "#3E313C",
    "menu_bg": "#3E313C",
    "text_color": "#FFFFFF"
  }
}
[01/08/18, 17:25:25:611] info: Store: UPDATE_TEAM_ICONS
{
  "icons": false,
  "teamId": "T8PQCQ6MT"
}
[01/08/18, 17:25:25:700] info: Store: UPDATE_TEAM_LOCALE
{
  "locale": "en-US",
  "teamId": "T8PQCQ6MT"
}
[01/08/18, 17:25:25:707] info: WebContents LifeCycle: webContents:8 from 'loaded' to 'webapp-loaded' took 1010 ms
[01/08/18, 17:25:25:707] info: Store: UPSERT_WEB_CONTENTS
{
  "id": 8,
  "state": "webapp-loaded",
  "teamId": "T8PQCQ6MT"
}
[01/08/18, 17:25:25:833] info: Store: STORE_API_TOKEN
{
  "token": "xoxs-⋯",
  "teamId": "T8PQCQ6MT"
}
[01/08/18, 17:25:25:835] info: TransformPasswords: Writing entire reducer
[01/08/18, 17:25:26:255] info: WebContentsMediator: Attaching to new webContents
[01/08/18, 17:25:27:257] info: Store: SELECT_CHANNEL D8PHYDP19
[01/08/18, 17:25:30:348] info: Store: SELECT_CHANNEL C8QMZAT9V
[01/08/18, 17:25:46:192] info: Store: UPDATE_TEAM_THEME
{
  "teamId": "T8PQCQ6MT",
  "theme": {
    "active_item": "#8C5888",
    "active_item_text": "#FFFFFF",
    "active_presence": "#00FFB7",
    "badge": "#DE4C0D",
    "column_bg": "#4F2F4C",
    "hover_item": "#3E313C",
    "menu_bg": "#452842",
    "text_color": "#FFFFFF"
  }
}
[01/08/18, 17:25:47:550] info: Store: UPDATE_TEAM_THEME
{
  "teamId": "T8PQCQ6MT",
  "theme": {
    "active_item": "#8C5888",
    "active_item_text": "#FFFFFF",
    "active_presence": "#D0FF00",
    "badge": "#889100",
    "column_bg": "#4F2F4C",
    "hover_item": "#3E313C",
    "menu_bg": "#452842",
    "text_color": "#FFFFFF"
  }
}
[01/08/18, 17:25:48:745] info: Store: UPDATE_TEAM_THEME
{
  "teamId": "T8PQCQ6MT",
  "theme": {
    "active_item": "#6698C8",
    "active_item_text": "#FFFFFF",
    "active_presence": "#94E864",
    "badge": "#78AF8F",
    "column_bg": "#303E4D",
    "hover_item": "#4A5664",
    "menu_bg": "#2C3849",
    "text_color": "#FFFFFF"
  }
}
[01/08/18, 17:25:50:824] info: Store: UPDATE_TEAM_THEME
{
  "teamId": "T8PQCQ6MT",
  "theme": {
    "active_item": "#D39B46",
    "active_item_text": "#FFFFFF",
    "active_presence": "#99D04A",
    "badge": "#DB6668",
    "column_bg": "#4D5250",
    "hover_item": "#434745",
    "menu_bg": "#444A47",
    "text_color": "#FFFFFF"
  }
}
[01/08/18, 17:25:52:383] info: Store: UPDATE_TEAM_THEME
{
  "teamId": "T8PQCQ6MT",
  "theme": {
    "active_item": "#F79F66",
    "active_item_text": "#FFFFFF",
    "active_presence": "#F79F66",
    "badge": "#F15340",
    "column_bg": "#0D7E83",
    "hover_item": "#D37C71",
    "menu_bg": "#076570",
    "text_color": "#FFFFFF"
  }
}
[01/08/18, 17:25:53:658] info: Store: UPDATE_TEAM_THEME
{
  "teamId": "T8PQCQ6MT",
  "theme": {
    "active_item": "#2D9EE0",
    "active_item_text": "#FFFFFF",
    "active_presence": "#60D156",
    "badge": "#DC5960",
    "column_bg": "#F8F8FA",
    "hover_item": "#FFFFFF",
    "menu_bg": "#F8F8FA",
    "text_color": "#383F45"
  }
}
[01/08/18, 17:25:55:319] info: Store: UPDATE_TEAM_THEME
{
  "teamId": "T8PQCQ6MT",
  "theme": {
    "active_item": "#6698C8",
    "active_item_text": "#FFFFFF",
    "active_presence": "#94E864",
    "badge": "#78AF8F",
    "column_bg": "#303E4D",
    "hover_item": "#4A5664",
    "menu_bg": "#2C3849",
    "text_color": "#FFFFFF"
  }
}
[01/09/18, 17:21:59:747] info: Store: REFRESH_TEAMS
{
  "teamIds": [
    "T841C37L5"
  ]
}
[01/09/18, 17:21:59:751] info: WebContents LifeCycle: webContents:3 from 'webapp-loaded' to 'page-will-navigate' took 116143822 ms
[01/09/18, 17:21:59:751] info: Store: UPSERT_WEB_CONTENTS
{
  "id": 3,
  "state": "page-will-navigate",
  "teamId": "T841C37L5"
}
[01/09/18, 17:21:59:941] info: Store: UPDATE_SESSION_STATUS
{
  "hasValidSession": false,
  "teamId": "T841C37L5"
}
[01/09/18, 17:22:01:231] info: Store: UPDATE_TEAM_ICONS
{
  "icons": false,
  "teamId": "T8PQCQ6MT"
}
[01/09/18, 17:22:01:362] info: Store: UPDATE_TEAM_LOCALE
{
  "locale": "en-US",
  "teamId": "T8PQCQ6MT"
}
[01/09/18, 17:22:03:623] info: WebContents LifeCycle: webContents:3 from 'page-will-navigate' to 'loaded' took 3871 ms
[01/09/18, 17:22:03:623] info: Store: UPSERT_WEB_CONTENTS
{
  "id": 3,
  "state": "loaded",
  "teamId": "T841C37L5"
}
[01/09/18, 17:22:03:830] info: Store: UPDATE_SESSION_STATUS
{
  "hasValidSession": false,
  "teamId": "T841C37L5"
}
[01/09/18, 17:46:32:593] info: Store: NEW_NOTIFICATION
{
  "avatarImage": "https://ca.slack-edge.com/T8PQCQ6MT-U8P4XDDQ9-g848e196210b-512",
  "channel": "C8QMZAT9V",
  "content": "[REDACTED]",
  "id": "W7EqfjhnGYGN56j",
  "imageUri": null,
  "launchUri": "slack://channel?id=C8QMZAT9V&message=1515537994.000520&team=T8PQCQ6MT",
  "msg": "1515537994.000520",
  "silent": true,
  "subtitle": "",
  "teamId": "T8PQCQ6MT",
  "title": "[REDACTED]"
}
[01/09/18, 17:46:32:598] info: Creating new Electron notification.
[01/09/18, 18:21:04:911] info: Store: FOREGROUND_APP
[01/09/18, 18:21:17:648] info: Store: MAIN_WINDOW_FOCUSED
[01/09/18, 18:21:17:756] info: Store: SELECT_TEAM T841C37L5
[01/09/18, 18:21:17:757] info: BrowserViewManager: Activating BrowserView
{
  "teamId": "T841C37L5"
}
[01/09/18, 18:21:18:502] info: Store: MAIN_WINDOW_FOCUSED
[01/09/18, 18:21:19:510] info: Store: SIGN_OUT_TEAM
{
  "teamId": "T841C37L5"
}
[01/09/18, 18:21:19:512] info: SignOutManager: We got a team to sign out (it's T841C37L5)!
[01/09/18, 18:21:19:514] info: WebContentsMediator: Attaching to new webContents
[01/09/18, 18:21:19:516] info: SignOutManager: Making signout request: https://slack.com/account-remove-api/T841C37L5
[01/09/18, 18:21:19:518] info: SignOutManager: Removing team T841C37L5 from teams list.
[01/09/18, 18:21:19:518] info: Store: REMOVE_TEAM T841C37L5
[01/09/18, 18:21:19:521] info: BrowserViewManager: Destroying 1 removed teams
[01/09/18, 18:21:19:521] warn: BrowserViewManager: Clearing active BrowserView
{
  "teamId": "T841C37L5"
}
[01/09/18, 18:21:19:522] info: BrowserViewManager: Destroying BrowserView
{
  "teamId": "T841C37L5"
}
[01/09/18, 18:21:19:522] info: BrowserViewManager: 
+-----------+------+-----+
|           | Full | Min |
|-----------+------+-----+
| T8PQCQ6MT | ✔    |     |
+-----------+------+-----+
[01/09/18, 18:21:19:522] info: BrowserViewManager: Activating BrowserView
{
  "teamId": "T8PQCQ6MT"
}
[01/09/18, 18:21:19:540] info: Store: REMOVE_WEB_CONTENTS
{
  "id": 3,
  "teamId": "T841C37L5"
}
[01/09/18, 18:21:19:544] info: TransformPasswords: Writing entire reducer
[01/09/18, 18:21:19:722] info: SignOutManager: Backend attempted to remove cookie: 200.
[01/09/18, 18:21:19:722] info: SignOutManager: Attempted to sign out of team T841C37L5. Result: 200
[01/09/18, 18:21:19:722] info: SignOutManager: Successfully removed cookie for team T841C37L5.
[01/09/18, 18:21:19:722] info: SignOutManager: We're considering the team signed out, now removing.
[01/09/18, 18:21:19:722] info: Store: SIGNED_OUT_TEAM T841C37L5
[01/09/18, 20:42:07:049] info: Store: SAVE_WINDOW_SETTINGS
{
  "size": [
    1838,
    998
  ],
  "position": [
    1961,
    41
  ],
  "isMaximized": false
}
[01/10/18, 06:39:13:722] info: Store: UPDATE_TEAM_ICONS
{
  "icons": false,
  "teamId": "T8PQCQ6MT"
}
[01/10/18, 06:39:13:855] info: Store: UPDATE_TEAM_LOCALE
{
  "locale": "en-US",
  "teamId": "T8PQCQ6MT"
}
[01/10/18, 08:12:31:369] info: Store: UNLOAD_WEB_CONTENTS T8PQCQ6MT
[01/10/18, 08:12:31:370] warn: BrowserViewManager: Can't unload T8PQCQ6MT right now
[01/10/18, 19:46:02:365] info: WebContents LifeCycle: webContents:8 from 'webapp-loaded' to 'page-will-navigate' took 181236658 ms
[01/10/18, 19:46:02:365] info: Store: UPSERT_WEB_CONTENTS
{
  "id": 8,
  "state": "page-will-navigate",
  "teamId": "T8PQCQ6MT"
}
[01/10/18, 19:46:02:547] info: Store: UPDATE_SESSION_STATUS
{
  "hasValidSession": true,
  "teamId": "T8PQCQ6MT"
}
[01/10/18, 19:46:05:966] info: WebContents LifeCycle: webContents:8 from 'page-will-navigate' to 'loaded' took 3601 ms
[01/10/18, 19:46:05:966] info: Store: UPSERT_WEB_CONTENTS
{
  "id": 8,
  "state": "loaded",
  "teamId": "T8PQCQ6MT"
}
[01/10/18, 19:46:06:132] info: Store: UPDATE_SESSION_STATUS
{
  "hasValidSession": true,
  "teamId": "T8PQCQ6MT"
}
[01/10/18, 19:46:06:298] info: Store: SELECT_CHANNEL C8QMZAT9V
[01/10/18, 19:46:06:300] info: Store: UPDATE_TEAM_LOCALE
{
  "locale": "en-US"
}
[01/10/18, 19:46:06:733] info: Store: UPDATE_TEAM_ICONS
{
  "icons": false,
  "teamId": "T8PQCQ6MT"
}
[01/10/18, 19:46:06:811] info: Store: UPDATE_TEAM_LOCALE
{
  "locale": "en-US",
  "teamId": "T8PQCQ6MT"
}
[01/10/18, 19:46:06:819] info: WebContents LifeCycle: webContents:8 from 'loaded' to 'webapp-loaded' took 853 ms
[01/10/18, 19:46:06:819] info: Store: UPSERT_WEB_CONTENTS
{
  "id": 8,
  "state": "webapp-loaded",
  "teamId": "T8PQCQ6MT"
}
[01/10/18, 19:46:07:013] info: Store: UPDATE_TEAM_THEME
{
  "teamId": "T8PQCQ6MT",
  "theme": {
    "active_item": "#6698C8",
    "active_item_text": "#FFFFFF",
    "active_presence": "#94E864",
    "badge": "#78AF8F",
    "column_bg": "#303E4D",
    "hover_item": "#4A5664",
    "menu_bg": "#2C3849",
    "text_color": "#FFFFFF"
  }
}
[01/10/18, 19:46:07:187] info: WebContentsMediator: Attaching to new webContents
[01/10/18, 20:07:31:434] info: Store: SAVE_WINDOW_SETTINGS
{
  "size": [
    1868,
    1028
  ],
  "position": [
    1946,
    26
  ],
  "isMaximized": false
}
[01/10/18, 20:07:48:602] info: Store: SAVE_WINDOW_SETTINGS
{
  "size": [
    1878,
    1038
  ],
  "position": [
    1941,
    21
  ],
  "isMaximized": false
}
[01/10/18, 22:13:45:244] info: Store: UPDATE_TEAM_ICONS
{
  "icons": false,
  "teamId": "T8PQCQ6MT"
}
[01/10/18, 22:13:45:335] info: Store: UPDATE_TEAM_LOCALE
{
  "locale": "en-US",
  "teamId": "T8PQCQ6MT"
}
[01/10/18, 22:15:28:274] info: Store: SAVE_WINDOW_SETTINGS
{
  "size": [
    1878,
    1020
  ],
  "position": [
    1941,
    39
  ],
  "isMaximized": false
}
[01/10/18, 22:15:28:973] info: WindowCloseBehavior: Attempted to close the window, hiding due to run from tray
[01/10/18, 22:15:28:977] info: Store: UPDATE_SETTINGS
{
  "hasRunFromTray": true
}
[01/10/18, 22:15:28:980] info: Store: SHOW_TRAY_BALLOON
{
  "title": "Why didn’t Slack quit?",
  "content": "Slack’s set to stay running in the notification area. To change this, visit Preferences > Linux App."
}
[01/10/18, 22:15:28:981] info: Tray Handler: Showing a tray balloon with title: Why didn’t Slack quit?
[01/10/18, 22:15:29:000] info: Store: SET_FULL_SCREEN
[01/10/18, 22:19:57:262] info: Store: FOREGROUND_APP
[01/10/18, 22:19:58:274] info: Store: SAVE_WINDOW_SETTINGS
{
  "size": [
    930,
    1020
  ],
  "position": [
    2889,
    39
  ],
  "isMaximized": false
}
[01/10/18, 22:20:00:018] info: WindowCloseBehavior: Attempted to close the window, hiding due to run from tray
[01/11/18, 08:17:58:450] info: Store: UPDATE_TEAM_ICONS
{
  "icons": false,
  "teamId": "T8PQCQ6MT"
}
[01/11/18, 08:17:58:545] info: Store: UPDATE_TEAM_LOCALE
{
  "locale": "en-US",
  "teamId": "T8PQCQ6MT"
}
[01/11/18, 10:12:29:908] info: Store: UPDATE_TEAM_ICONS
{
  "icons": false,
  "teamId": "T8PQCQ6MT"
}
[01/11/18, 10:12:29:980] info: Store: UPDATE_TEAM_LOCALE
{
  "locale": "en-US",
  "teamId": "T8PQCQ6MT"
}
