[01/08/18, 17:25:22:244] info: ╔══════════════════════════════════════════════════════════════════════════════╗
[01/08/18, 17:25:22:245] info: ║      Slack 3.0.2, linux 4.14.12-1-ARCH on x64 at 01/08/18, 17:25:22:242      ║
[01/08/18, 17:25:22:245] info: ╚══════════════════════════════════════════════════════════════════════════════╝
[01/08/18, 17:25:22:330] info: Initializing local storage instance at path: /home/lotus/.config/Slack/local-settings.json
[01/08/18, 17:25:22:529] error: Calls failed to load, bailing
[01/08/18, 17:25:22:531] info: updateSuspendResume: true
[01/08/18, 17:25:22:531] warn: updateSpellcheckerLanguage: Tried to update language, but spellchecker not initialized
[01/08/18, 17:25:25:001] info: Store: UPSERT_WEB_CONTENTS
{
  "id": 8,
  "state": "loaded",
  "teamId": "T8PQCQ6MT"
}
[01/08/18, 17:25:25:011] info: Store: UPDATE_SESSION_STATUS
{
  "hasValidSession": true,
  "teamId": "T8PQCQ6MT"
}
[01/08/18, 17:25:25:799] info: Store: SELECT_CHANNEL C8QMZAT9V
[01/08/18, 17:25:25:800] info: Store: UPDATE_TEAM_LOCALE
{
  "locale": "en-US",
  "teamId": "T8PQCQ6MT"
}
[01/08/18, 17:25:25:800] info: Store: UPDATE_TEAM_THEME
{
  "teamId": "T8PQCQ6MT",
  "theme": {
    "active_item": "#4C9689",
    "active_item_text": "#FFFFFF",
    "active_presence": "#38978D",
    "badge": "#EB4D5C",
    "column_bg": "#4D394B",
    "hover_item": "#3E313C",
    "menu_bg": "#3E313C",
    "text_color": "#FFFFFF"
  }
}
[01/08/18, 17:25:25:811] info: Store: UPDATE_TEAM_ICONS
{
  "icons": false,
  "teamId": "T8PQCQ6MT"
}
[01/08/18, 17:25:25:814] info: Store: UPDATE_TEAM_LOCALE
{
  "locale": "en-US",
  "teamId": "T8PQCQ6MT"
}
[01/08/18, 17:25:25:814] info: Store: UPSERT_WEB_CONTENTS
{
  "id": 8,
  "state": "webapp-loaded",
  "teamId": "T8PQCQ6MT"
}
[01/08/18, 17:25:26:138] info: Store: STORE_API_TOKEN
{
  "teamId": "T8PQCQ6MT",
  "token": "xoxs-⋯"
}
[01/08/18, 17:25:26:612] info: Raw Locale list: ["C","en_AU.utf8","POSIX",""]
[01/08/18, 17:25:26:612] info: Filtered Locale list: ["en_AU"]
[01/08/18, 17:25:26:612] info: Counts: {"en":["en_AU"]}
[01/08/18, 17:25:26:612] info: Setting en
[01/08/18, 17:25:26:613] info: Result: {"en":"en-AU"}
[01/08/18, 17:25:26:614] info: Requesting to load en-AU, alternatives are ["en-AU","en-AU","en-US"]
[01/08/18, 17:25:26:615] info: Loading dictionary for language en-AU
[01/08/18, 17:25:26:616] info: Returning local copy: /home/lotus/.config/Slack/dictionaries/en-AU.bdic
[01/08/18, 17:25:26:619] info: Setting current spellchecker to en-AU, requested language was en-AU
[01/08/18, 17:25:26:619] info: Creating node-spellchecker instance
[01/08/18, 17:25:26:622] info: Actually installing spell check provider to Electron
[01/08/18, 17:25:27:502] info: Store: SELECT_CHANNEL D8PHYDP19
[01/08/18, 17:25:27:526] info: Loading dictionary for language en-AU
[01/08/18, 17:25:27:527] info: Returning local copy: /home/lotus/.config/Slack/dictionaries/en-AU.bdic
[01/08/18, 17:25:27:532] info: Setting current spellchecker to en-AU, requested language was en-AU
[01/08/18, 17:25:30:422] info: Store: SELECT_CHANNEL C8QMZAT9V
[01/08/18, 17:25:30:440] info: Loading dictionary for language en-AU
[01/08/18, 17:25:30:441] info: Returning local copy: /home/lotus/.config/Slack/dictionaries/en-AU.bdic
[01/08/18, 17:25:30:441] info: Setting current spellchecker to en-AU, requested language was en-AU
[01/08/18, 17:25:46:217] info: Store: UPDATE_TEAM_THEME
{
  "teamId": "T8PQCQ6MT",
  "theme": {
    "active_item": "#8C5888",
    "active_item_text": "#FFFFFF",
    "active_presence": "#00FFB7",
    "badge": "#DE4C0D",
    "column_bg": "#4F2F4C",
    "hover_item": "#3E313C",
    "menu_bg": "#452842",
    "text_color": "#FFFFFF"
  }
}
[01/08/18, 17:25:47:572] info: Store: UPDATE_TEAM_THEME
{
  "teamId": "T8PQCQ6MT",
  "theme": {
    "active_item": "#8C5888",
    "active_item_text": "#FFFFFF",
    "active_presence": "#D0FF00",
    "badge": "#889100",
    "column_bg": "#4F2F4C",
    "hover_item": "#3E313C",
    "menu_bg": "#452842",
    "text_color": "#FFFFFF"
  }
}
[01/08/18, 17:25:48:769] info: Store: UPDATE_TEAM_THEME
{
  "teamId": "T8PQCQ6MT",
  "theme": {
    "active_item": "#6698C8",
    "active_item_text": "#FFFFFF",
    "active_presence": "#94E864",
    "badge": "#78AF8F",
    "column_bg": "#303E4D",
    "hover_item": "#4A5664",
    "menu_bg": "#2C3849",
    "text_color": "#FFFFFF"
  }
}
[01/08/18, 17:25:50:852] info: Store: UPDATE_TEAM_THEME
{
  "teamId": "T8PQCQ6MT",
  "theme": {
    "active_item": "#D39B46",
    "active_item_text": "#FFFFFF",
    "active_presence": "#99D04A",
    "badge": "#DB6668",
    "column_bg": "#4D5250",
    "hover_item": "#434745",
    "menu_bg": "#444A47",
    "text_color": "#FFFFFF"
  }
}
[01/08/18, 17:25:52:408] info: Store: UPDATE_TEAM_THEME
{
  "teamId": "T8PQCQ6MT",
  "theme": {
    "active_item": "#F79F66",
    "active_item_text": "#FFFFFF",
    "active_presence": "#F79F66",
    "badge": "#F15340",
    "column_bg": "#0D7E83",
    "hover_item": "#D37C71",
    "menu_bg": "#076570",
    "text_color": "#FFFFFF"
  }
}
[01/08/18, 17:25:53:659] info: Store: UPDATE_TEAM_THEME
{
  "teamId": "T8PQCQ6MT",
  "theme": {
    "active_item": "#2D9EE0",
    "active_item_text": "#FFFFFF",
    "active_presence": "#60D156",
    "badge": "#DC5960",
    "column_bg": "#F8F8FA",
    "hover_item": "#FFFFFF",
    "menu_bg": "#F8F8FA",
    "text_color": "#383F45"
  }
}
[01/08/18, 17:25:55:342] info: Store: UPDATE_TEAM_THEME
{
  "teamId": "T8PQCQ6MT",
  "theme": {
    "active_item": "#6698C8",
    "active_item_text": "#FFFFFF",
    "active_presence": "#94E864",
    "badge": "#78AF8F",
    "column_bg": "#303E4D",
    "hover_item": "#4A5664",
    "menu_bg": "#2C3849",
    "text_color": "#FFFFFF"
  }
}
[01/08/18, 17:26:01:881] info: Unloading spellchecker
[01/08/18, 17:26:07:965] info: Restoring spellchecker
[01/08/18, 17:26:07:965] info: Loading dictionary for language en-AU
[01/08/18, 17:26:07:965] info: Returning local copy: /home/lotus/.config/Slack/dictionaries/en-AU.bdic
[01/08/18, 17:26:07:973] info: Setting current spellchecker to en-AU, requested language was en-AU
[01/08/18, 17:26:07:973] info: Creating node-spellchecker instance
[01/08/18, 17:26:10:569] info: Unloading spellchecker
[01/09/18, 17:21:59:748] info: Store: REFRESH_TEAMS
{
  "teamIds": [
    "T841C37L5"
  ]
}
[01/09/18, 17:21:59:752] info: Store: UPSERT_WEB_CONTENTS
{
  "id": 3,
  "state": "page-will-navigate",
  "teamId": "T841C37L5"
}
[01/09/18, 17:21:59:943] info: Store: UPDATE_SESSION_STATUS
{
  "hasValidSession": false,
  "teamId": "T841C37L5"
}
[01/09/18, 17:22:01:393] info: Store: UPDATE_TEAM_ICONS
{
  "icons": false,
  "teamId": "T8PQCQ6MT"
}
[01/09/18, 17:22:01:395] info: Store: UPDATE_TEAM_LOCALE
{
  "locale": "en-US",
  "teamId": "T8PQCQ6MT"
}
[01/09/18, 17:22:03:624] info: Store: UPSERT_WEB_CONTENTS
{
  "id": 3,
  "state": "loaded",
  "teamId": "T841C37L5"
}
[01/09/18, 17:22:03:830] info: Store: UPDATE_SESSION_STATUS
{
  "hasValidSession": false,
  "teamId": "T841C37L5"
}
[01/09/18, 17:46:32:578] warn: Unable to read quiet hours setting: windows-quiet-hours works only on Windows
[01/09/18, 17:46:32:579] warn: Unable to read quiet hours setting: windows-quiet-hours works only on Windows
[01/09/18, 17:46:32:629] info: Store: NEW_NOTIFICATION
{
  "avatarImage": "https://ca.slack-edge.com/T8PQCQ6MT-U8P4XDDQ9-g848e196210b-512",
  "channel": "C8QMZAT9V",
  "content": "[REDACTED]",
  "id": "W7EqfjhnGYGN56j",
  "imageUri": null,
  "launchUri": "slack://channel?id=C8QMZAT9V&message=1515537994.000520&team=T8PQCQ6MT",
  "msg": "1515537994.000520",
  "silent": true,
  "subtitle": "",
  "teamId": "T8PQCQ6MT",
  "title": "[REDACTED]"
}
[01/09/18, 18:21:04:912] info: Store: FOREGROUND_APP
[01/09/18, 18:21:08:732] info: Restoring spellchecker
[01/09/18, 18:21:08:732] info: Loading dictionary for language en-AU
[01/09/18, 18:21:08:732] info: Returning local copy: /home/lotus/.config/Slack/dictionaries/en-AU.bdic
[01/09/18, 18:21:08:747] info: Setting current spellchecker to en-AU, requested language was en-AU
[01/09/18, 18:21:08:747] info: Creating node-spellchecker instance
[01/09/18, 18:21:17:650] info: Unloading spellchecker
[01/09/18, 18:21:17:656] info: Store: MAIN_WINDOW_FOCUSED
[01/09/18, 18:21:17:659] info: Restoring spellchecker
[01/09/18, 18:21:17:659] info: Loading dictionary for language en-AU
[01/09/18, 18:21:17:659] info: Returning local copy: /home/lotus/.config/Slack/dictionaries/en-AU.bdic
[01/09/18, 18:21:17:661] info: Setting current spellchecker to en-AU, requested language was en-AU
[01/09/18, 18:21:17:661] info: Creating node-spellchecker instance
[01/09/18, 18:21:17:757] info: Store: SELECT_TEAM T841C37L5
[01/09/18, 18:21:17:764] info: Unloading spellchecker
[01/09/18, 18:21:18:503] info: Store: MAIN_WINDOW_FOCUSED
[01/09/18, 18:21:19:511] info: Store: SIGN_OUT_TEAM
{
  "teamId": "T841C37L5"
}
[01/09/18, 18:21:19:519] info: Store: REMOVE_TEAM T841C37L5
[01/09/18, 18:21:19:539] info: Restoring spellchecker
[01/09/18, 18:21:19:540] info: Loading dictionary for language en-AU
[01/09/18, 18:21:19:540] info: Returning local copy: /home/lotus/.config/Slack/dictionaries/en-AU.bdic
[01/09/18, 18:21:19:542] info: Store: REMOVE_WEB_CONTENTS
{
  "id": 3,
  "teamId": "T841C37L5"
}
[01/09/18, 18:21:19:554] info: Setting current spellchecker to en-AU, requested language was en-AU
[01/09/18, 18:21:19:554] info: Creating node-spellchecker instance
[01/09/18, 18:21:19:723] info: Store: SIGNED_OUT_TEAM T841C37L5
[01/09/18, 18:21:22:322] info: Unloading spellchecker
[01/09/18, 18:21:41:847] info: Restoring spellchecker
[01/09/18, 18:21:41:847] info: Loading dictionary for language en-AU
[01/09/18, 18:21:41:848] info: Returning local copy: /home/lotus/.config/Slack/dictionaries/en-AU.bdic
[01/09/18, 18:21:41:857] info: Setting current spellchecker to en-AU, requested language was en-AU
[01/09/18, 18:21:41:857] info: Creating node-spellchecker instance
[01/09/18, 18:24:05:044] info: Unloading spellchecker
[01/09/18, 18:31:47:135] info: Restoring spellchecker
[01/09/18, 18:31:47:136] info: Loading dictionary for language en-AU
[01/09/18, 18:31:47:136] info: Returning local copy: /home/lotus/.config/Slack/dictionaries/en-AU.bdic
[01/09/18, 18:31:47:154] info: Setting current spellchecker to en-AU, requested language was en-AU
[01/09/18, 18:31:47:154] info: Creating node-spellchecker instance
[01/09/18, 18:31:47:516] info: Unloading spellchecker
[01/09/18, 18:47:00:180] info: Restoring spellchecker
[01/09/18, 18:47:00:180] info: Loading dictionary for language en-AU
[01/09/18, 18:47:00:181] info: Returning local copy: /home/lotus/.config/Slack/dictionaries/en-AU.bdic
[01/09/18, 18:47:00:197] info: Setting current spellchecker to en-AU, requested language was en-AU
[01/09/18, 18:47:00:198] info: Creating node-spellchecker instance
[01/09/18, 18:47:00:425] info: Unloading spellchecker
[01/09/18, 19:04:04:424] info: Restoring spellchecker
[01/09/18, 19:04:04:424] info: Loading dictionary for language en-AU
[01/09/18, 19:04:04:424] info: Returning local copy: /home/lotus/.config/Slack/dictionaries/en-AU.bdic
[01/09/18, 19:04:04:449] info: Setting current spellchecker to en-AU, requested language was en-AU
[01/09/18, 19:04:04:449] info: Creating node-spellchecker instance
[01/09/18, 19:04:06:718] info: Unloading spellchecker
[01/09/18, 20:42:07:050] info: Store: SAVE_WINDOW_SETTINGS
{
  "isMaximized": false,
  "position": [
    1961,
    41
  ],
  "size": [
    1838,
    998
  ]
}
[01/10/18, 06:39:13:879] info: Store: UPDATE_TEAM_ICONS
{
  "icons": false,
  "teamId": "T8PQCQ6MT"
}
[01/10/18, 06:39:13:881] info: Store: UPDATE_TEAM_LOCALE
{
  "locale": "en-US",
  "teamId": "T8PQCQ6MT"
}
[01/10/18, 08:12:31:370] info: Store: UNLOAD_WEB_CONTENTS T8PQCQ6MT
[01/10/18, 19:46:02:366] info: Store: UPSERT_WEB_CONTENTS
{
  "id": 8,
  "state": "page-will-navigate",
  "teamId": "T8PQCQ6MT"
}
[01/10/18, 19:46:02:368] info: Window is unloading, winssb is no longer accessible
[01/10/18, 19:46:02:548] info: Store: UPDATE_SESSION_STATUS
{
  "hasValidSession": true,
  "teamId": "T8PQCQ6MT"
}
