[01/10/18, 19:46:03:127] info: ╔══════════════════════════════════════════════════════════════════════════════╗
[01/10/18, 19:46:03:128] info: ║      Slack 3.0.2, linux 4.14.12-1-ARCH on x64 at 01/10/18, 19:46:03:124      ║
[01/10/18, 19:46:03:128] info: ╚══════════════════════════════════════════════════════════════════════════════╝
[01/10/18, 19:46:03:209] info: Initializing local storage instance at path: /home/lotus/.config/Slack/local-settings.json
[01/10/18, 19:46:03:405] error: Calls failed to load, bailing
[01/10/18, 19:46:03:407] info: updateSuspendResume: true
[01/10/18, 19:46:03:408] warn: updateSpellcheckerLanguage: Tried to update language, but spellchecker not initialized
[01/10/18, 19:46:06:511] info: Store: UPSERT_WEB_CONTENTS
{
  "id": 8,
  "state": "loaded",
  "teamId": "T8PQCQ6MT"
}
[01/10/18, 19:46:06:636] info: Store: UPDATE_SESSION_STATUS
{
  "hasValidSession": true,
  "teamId": "T8PQCQ6MT"
}
[01/10/18, 19:46:06:648] info: Store: SELECT_CHANNEL C8QMZAT9V
[01/10/18, 19:46:06:649] info: Store: UPDATE_TEAM_LOCALE
{
  "locale": "en-US"
}
[01/10/18, 19:46:06:984] info: Store: UPDATE_TEAM_ICONS
{
  "icons": false,
  "teamId": "T8PQCQ6MT"
}
[01/10/18, 19:46:06:987] info: Store: UPDATE_TEAM_LOCALE
{
  "locale": "en-US",
  "teamId": "T8PQCQ6MT"
}
[01/10/18, 19:46:06:987] info: Store: UPSERT_WEB_CONTENTS
{
  "id": 8,
  "state": "webapp-loaded",
  "teamId": "T8PQCQ6MT"
}
[01/10/18, 19:46:07:064] info: Store: UPDATE_TEAM_THEME
{
  "teamId": "T8PQCQ6MT",
  "theme": {
    "active_item": "#6698C8",
    "active_item_text": "#FFFFFF",
    "active_presence": "#94E864",
    "badge": "#78AF8F",
    "column_bg": "#303E4D",
    "hover_item": "#4A5664",
    "menu_bg": "#2C3849",
    "text_color": "#FFFFFF"
  }
}
[01/10/18, 19:46:07:597] info: Raw Locale list: ["C","en_AU.utf8","POSIX",""]
[01/10/18, 19:46:07:598] info: Filtered Locale list: ["en_AU"]
[01/10/18, 19:46:07:598] info: Counts: {"en":["en_AU"]}
[01/10/18, 19:46:07:598] info: Setting en
[01/10/18, 19:46:07:599] info: Result: {"en":"en-AU"}
[01/10/18, 19:46:07:601] info: Requesting to load en-AU, alternatives are ["en-AU","en-AU","en-US"]
[01/10/18, 19:46:07:603] info: Loading dictionary for language en-AU
[01/10/18, 19:46:07:603] info: Returning local copy: /home/lotus/.config/Slack/dictionaries/en-AU.bdic
[01/10/18, 19:46:07:606] info: Setting current spellchecker to en-AU, requested language was en-AU
[01/10/18, 19:46:07:606] info: Creating node-spellchecker instance
[01/10/18, 19:46:07:611] info: Actually installing spell check provider to Electron
[01/10/18, 19:48:27:552] info: Unloading spellchecker
[01/10/18, 20:07:30:352] info: Restoring spellchecker
[01/10/18, 20:07:30:354] info: Loading dictionary for language en-AU
[01/10/18, 20:07:30:354] info: Returning local copy: /home/lotus/.config/Slack/dictionaries/en-AU.bdic
[01/10/18, 20:07:30:385] info: Unloading spellchecker
[01/10/18, 20:07:30:428] info: Setting current spellchecker to en-AU, requested language was en-AU
[01/10/18, 20:07:30:428] info: Creating node-spellchecker instance
[01/10/18, 20:07:31:435] info: Store: SAVE_WINDOW_SETTINGS
{
  "isMaximized": false,
  "position": [
    1946,
    26
  ],
  "size": [
    1868,
    1028
  ]
}
[01/10/18, 20:07:47:498] info: Restoring spellchecker
[01/10/18, 20:07:47:499] info: Loading dictionary for language en-AU
[01/10/18, 20:07:47:499] info: Returning local copy: /home/lotus/.config/Slack/dictionaries/en-AU.bdic
[01/10/18, 20:07:47:511] info: Unloading spellchecker
[01/10/18, 20:07:47:531] info: Setting current spellchecker to en-AU, requested language was en-AU
[01/10/18, 20:07:47:531] info: Creating node-spellchecker instance
[01/10/18, 20:07:48:603] info: Store: SAVE_WINDOW_SETTINGS
{
  "isMaximized": false,
  "position": [
    1941,
    21
  ],
  "size": [
    1878,
    1038
  ]
}
[01/10/18, 22:13:43:858] error: Jan-10 22:13:43.857 SOCKET-MANAGER (T8PQCQ6MT) Closing socket due to unknown error
[01/10/18, 22:13:44:606] error: Jan-10 22:13:44.605 SOCKET-MANAGER (T8PQCQ6MT) Closing socket due to unknown error
[01/10/18, 22:13:45:365] info: Store: UPDATE_TEAM_ICONS
{
  "icons": false,
  "teamId": "T8PQCQ6MT"
}
[01/10/18, 22:13:45:367] info: Store: UPDATE_TEAM_LOCALE
{
  "locale": "en-US",
  "teamId": "T8PQCQ6MT"
}
[01/10/18, 22:15:27:298] info: Restoring spellchecker
[01/10/18, 22:15:27:299] info: Loading dictionary for language en-AU
[01/10/18, 22:15:27:299] info: Returning local copy: /home/lotus/.config/Slack/dictionaries/en-AU.bdic
[01/10/18, 22:15:27:331] info: Setting current spellchecker to en-AU, requested language was en-AU
[01/10/18, 22:15:28:275] info: Store: SAVE_WINDOW_SETTINGS
{
  "isMaximized": false,
  "position": [
    1941,
    39
  ],
  "size": [
    1878,
    1020
  ]
}
[01/10/18, 22:15:28:984] info: Unloading spellchecker
[01/10/18, 22:15:28:985] info: Store: UPDATE_SETTINGS
{
  "hasRunFromTray": true
}
[01/10/18, 22:15:28:986] info: Store: SHOW_TRAY_BALLOON
{
  "content": "Slack’s set to stay running in the notification area. To change this, visit Preferences > Linux App.",
  "title": "Why didn’t Slack quit?"
}
[01/10/18, 22:15:29:001] info: Store: SET_FULL_SCREEN
[01/10/18, 22:19:57:264] info: Store: FOREGROUND_APP
[01/10/18, 22:19:57:315] info: Restoring spellchecker
[01/10/18, 22:19:57:316] info: Loading dictionary for language en-AU
[01/10/18, 22:19:57:316] info: Returning local copy: /home/lotus/.config/Slack/dictionaries/en-AU.bdic
[01/10/18, 22:19:57:339] info: Setting current spellchecker to en-AU, requested language was en-AU
[01/10/18, 22:19:57:340] info: Creating node-spellchecker instance
[01/10/18, 22:19:58:274] info: Store: SAVE_WINDOW_SETTINGS
{
  "isMaximized": false,
  "position": [
    2889,
    39
  ],
  "size": [
    930,
    1020
  ]
}
[01/10/18, 22:20:00:030] info: Unloading spellchecker
[01/11/18, 08:17:58:559] info: Store: UPDATE_TEAM_ICONS
{
  "icons": false,
  "teamId": "T8PQCQ6MT"
}
[01/11/18, 08:17:58:560] info: Store: UPDATE_TEAM_LOCALE
{
  "locale": "en-US",
  "teamId": "T8PQCQ6MT"
}
[01/11/18, 10:12:27:208] error: Jan-11 10:12:27.208 SOCKET-MANAGER (T8PQCQ6MT) Closing socket due to unknown error
[01/11/18, 10:12:28:629] error: Jan-11 10:12:28.629 SOCKET-MANAGER (T8PQCQ6MT) Closing socket due to unknown error
[01/11/18, 10:12:29:991] info: Store: UPDATE_TEAM_ICONS
{
  "icons": false,
  "teamId": "T8PQCQ6MT"
}
[01/11/18, 10:12:29:992] info: Store: UPDATE_TEAM_LOCALE
{
  "locale": "en-US",
  "teamId": "T8PQCQ6MT"
}
