[01/08/18, 09:05:33:172] info: ╔══════════════════════════════════════════════════════════════════════════════╗
[01/08/18, 09:05:33:173] info: ║      Slack 3.0.2, linux 4.14.12-1-ARCH on x64 at 01/08/18, 09:05:33:169      ║
[01/08/18, 09:05:33:173] info: ╚══════════════════════════════════════════════════════════════════════════════╝
[01/08/18, 09:05:33:369] info: Initializing local storage instance at path: /home/lotus/.config/Slack/local-settings.json
[01/08/18, 09:06:11:139] info: Store: ADD_NEW_TEAM
{
  "id": "U84DUBCNQ",
  "name": "[REDACTED]",
  "team_id": "T841C37L5",
  "team_name": "[REDACTED]",
  "team_url": "[REDACTED]"
}
[01/08/18, 09:06:11:152] info: Store: UPSERT_WEB_CONTENTS
{
  "id": 3,
  "state": "unloaded",
  "teamId": "T841C37L5"
}
[01/08/18, 09:06:11:179] info: Store: FOREGROUND_APP
[01/08/18, 09:06:11:180] info: Store: MAIN_WINDOW_SHOWN
[01/08/18, 09:06:12:185] info: Store: SAVE_WINDOW_SETTINGS
{
  "isMaximized": false,
  "position": [
    2889,
    59
  ],
  "size": [
    910,
    980
  ]
}
[01/08/18, 09:06:14:752] info: Store: UPSERT_WEB_CONTENTS
{
  "id": 3,
  "state": "loaded",
  "teamId": "T841C37L5"
}
[01/08/18, 09:06:14:991] info: Store: UPDATE_SESSION_STATUS
{
  "hasValidSession": true,
  "teamId": "T841C37L5"
}
[01/08/18, 09:06:15:002] info: Store: SELECT_CHANNEL C84NW9Q9L
[01/08/18, 09:06:15:004] info: Store: UPDATE_TEAM_LOCALE
{
  "locale": "en-US",
  "teamId": "T841C37L5"
}
[01/08/18, 09:06:15:007] info: Store: UPDATE_SETTINGS
{
  "locale": "en-US"
}
[01/08/18, 09:06:15:019] info: Store: UPDATE_TEAM_THEME
{
  "teamId": "T841C37L5",
  "theme": {
    "active_item": "#D39B46",
    "active_item_text": "#FFFFFF",
    "active_presence": "#15b8d1",
    "badge": "#DB6668",
    "column_bg": "#bf4a02",
    "hover_item": "#434745",
    "menu_bg": "#3b3b3b",
    "text_color": "#FFFFFF"
  }
}
[01/08/18, 09:06:15:664] info: Store: UPDATE_TEAM_ICONS
{
  "icons": {
    "image_102": "https://slack-files2.s3-us-west-2.amazonaws.com/avatars/2017-12-07/283183167970_103c256e4d1bd983bc1c_102.jpg",
    "image_132": "https://slack-files2.s3-us-west-2.amazonaws.com/avatars/2017-12-07/283183167970_103c256e4d1bd983bc1c_132.jpg",
    "image_230": "https://slack-files2.s3-us-west-2.amazonaws.com/avatars/2017-12-07/283183167970_103c256e4d1bd983bc1c_230.jpg",
    "image_34": "https://slack-files2.s3-us-west-2.amazonaws.com/avatars/2017-12-07/283183167970_103c256e4d1bd983bc1c_34.jpg",
    "image_44": "https://slack-files2.s3-us-west-2.amazonaws.com/avatars/2017-12-07/283183167970_103c256e4d1bd983bc1c_44.jpg",
    "image_68": "https://slack-files2.s3-us-west-2.amazonaws.com/avatars/2017-12-07/283183167970_103c256e4d1bd983bc1c_68.jpg",
    "image_88": "https://slack-files2.s3-us-west-2.amazonaws.com/avatars/2017-12-07/283183167970_103c256e4d1bd983bc1c_88.jpg",
    "image_original": "https://slack-files2.s3-us-west-2.amazonaws.com/avatars/2017-12-07/283183167970_103c256e4d1bd983bc1c_original.jpg"
  },
  "teamId": "T841C37L5"
}
[01/08/18, 09:06:15:922] info: Store: UPDATE_TEAM_LOCALE
{
  "locale": "en-US",
  "teamId": "T841C37L5"
}
[01/08/18, 09:06:15:930] info: Store: UPSERT_WEB_CONTENTS
{
  "id": 3,
  "state": "webapp-loaded",
  "teamId": "T841C37L5"
}
[01/08/18, 09:06:16:038] info: Store: STORE_API_TOKEN
{
  "teamId": "T841C37L5",
  "token": "xoxs-⋯"
}
[01/08/18, 09:06:21:358] info: Store: SAVE_WINDOW_SETTINGS
{
  "isMaximized": false,
  "position": [
    1961,
    59
  ],
  "size": [
    1838,
    980
  ]
}
[01/08/18, 09:06:24:207] info: Store: SELECT_CHANNEL C88PMPE86
[01/08/18, 09:06:27:988] info: Store: SELECT_CHANNEL C841D0DHB
[01/08/18, 09:06:29:306] info: Store: SELECT_CHANNEL C84NW9Q9L
[01/08/18, 17:23:26:953] info: Store: SHOW_WEBAPP_DIALOG
{
  "dialogType": "prefs"
}
[01/08/18, 17:23:34:026] info: Store: UPDATE_SETTINGS
{
  "autoHideMenuBar": true
}
[01/08/18, 17:23:40:560] info: Store: SAVE_WINDOW_SETTINGS
{
  "isMaximized": false,
  "position": [
    1961,
    59
  ],
  "size": [
    1838,
    980
  ]
}
[01/08/18, 17:23:42:147] info: Store: OPEN_CONTEXT_MENU
{
  "id": 3,
  "params": "[REDACTED]"
}
[01/08/18, 17:23:54:318] info: Store: SHOW_LOGIN_DIALOG
[01/08/18, 17:25:21:501] info: Store: ADD_NEW_TEAM
{
  "id": "U8P4VUBEV",
  "name": "[REDACTED]",
  "team_id": "T8PQCQ6MT",
  "team_name": "[REDACTED]",
  "team_url": "[REDACTED]"
}
[01/08/18, 17:25:21:531] info: Store: UPSERT_WEB_CONTENTS
{
  "id": 8,
  "state": "unloaded",
  "teamId": "T8PQCQ6MT"
}
[01/08/18, 17:25:24:699] info: Store: UPSERT_WEB_CONTENTS
{
  "id": 8,
  "state": "loaded",
  "teamId": "T8PQCQ6MT"
}
[01/08/18, 17:25:24:867] info: Store: UPDATE_SESSION_STATUS
{
  "hasValidSession": true,
  "teamId": "T8PQCQ6MT"
}
[01/08/18, 17:25:25:200] info: Store: SELECT_CHANNEL C8QMZAT9V
[01/08/18, 17:25:25:203] info: Store: UPDATE_TEAM_LOCALE
{
  "locale": "en-US",
  "teamId": "T8PQCQ6MT"
}
[01/08/18, 17:25:25:209] info: Store: UPDATE_TEAM_THEME
{
  "teamId": "T8PQCQ6MT",
  "theme": {
    "active_item": "#4C9689",
    "active_item_text": "#FFFFFF",
    "active_presence": "#38978D",
    "badge": "#EB4D5C",
    "column_bg": "#4D394B",
    "hover_item": "#3E313C",
    "menu_bg": "#3E313C",
    "text_color": "#FFFFFF"
  }
}
[01/08/18, 17:25:25:612] info: Store: UPDATE_TEAM_ICONS
{
  "icons": false,
  "teamId": "T8PQCQ6MT"
}
[01/08/18, 17:25:25:701] info: Store: UPDATE_TEAM_LOCALE
{
  "locale": "en-US",
  "teamId": "T8PQCQ6MT"
}
[01/08/18, 17:25:25:708] info: Store: UPSERT_WEB_CONTENTS
{
  "id": 8,
  "state": "webapp-loaded",
  "teamId": "T8PQCQ6MT"
}
[01/08/18, 17:25:25:834] info: Store: STORE_API_TOKEN
{
  "teamId": "T8PQCQ6MT",
  "token": "xoxs-⋯"
}
[01/08/18, 17:25:27:258] info: Store: SELECT_CHANNEL D8PHYDP19
[01/08/18, 17:25:30:349] info: Store: SELECT_CHANNEL C8QMZAT9V
[01/08/18, 17:25:46:193] info: Store: UPDATE_TEAM_THEME
{
  "teamId": "T8PQCQ6MT",
  "theme": {
    "active_item": "#8C5888",
    "active_item_text": "#FFFFFF",
    "active_presence": "#00FFB7",
    "badge": "#DE4C0D",
    "column_bg": "#4F2F4C",
    "hover_item": "#3E313C",
    "menu_bg": "#452842",
    "text_color": "#FFFFFF"
  }
}
[01/08/18, 17:25:47:551] info: Store: UPDATE_TEAM_THEME
{
  "teamId": "T8PQCQ6MT",
  "theme": {
    "active_item": "#8C5888",
    "active_item_text": "#FFFFFF",
    "active_presence": "#D0FF00",
    "badge": "#889100",
    "column_bg": "#4F2F4C",
    "hover_item": "#3E313C",
    "menu_bg": "#452842",
    "text_color": "#FFFFFF"
  }
}
[01/08/18, 17:25:48:746] info: Store: UPDATE_TEAM_THEME
{
  "teamId": "T8PQCQ6MT",
  "theme": {
    "active_item": "#6698C8",
    "active_item_text": "#FFFFFF",
    "active_presence": "#94E864",
    "badge": "#78AF8F",
    "column_bg": "#303E4D",
    "hover_item": "#4A5664",
    "menu_bg": "#2C3849",
    "text_color": "#FFFFFF"
  }
}
[01/08/18, 17:25:50:825] info: Store: UPDATE_TEAM_THEME
{
  "teamId": "T8PQCQ6MT",
  "theme": {
    "active_item": "#D39B46",
    "active_item_text": "#FFFFFF",
    "active_presence": "#99D04A",
    "badge": "#DB6668",
    "column_bg": "#4D5250",
    "hover_item": "#434745",
    "menu_bg": "#444A47",
    "text_color": "#FFFFFF"
  }
}
[01/08/18, 17:25:52:384] info: Store: UPDATE_TEAM_THEME
{
  "teamId": "T8PQCQ6MT",
  "theme": {
    "active_item": "#F79F66",
    "active_item_text": "#FFFFFF",
    "active_presence": "#F79F66",
    "badge": "#F15340",
    "column_bg": "#0D7E83",
    "hover_item": "#D37C71",
    "menu_bg": "#076570",
    "text_color": "#FFFFFF"
  }
}
[01/08/18, 17:25:53:659] info: Store: UPDATE_TEAM_THEME
{
  "teamId": "T8PQCQ6MT",
  "theme": {
    "active_item": "#2D9EE0",
    "active_item_text": "#FFFFFF",
    "active_presence": "#60D156",
    "badge": "#DC5960",
    "column_bg": "#F8F8FA",
    "hover_item": "#FFFFFF",
    "menu_bg": "#F8F8FA",
    "text_color": "#383F45"
  }
}
[01/08/18, 17:25:55:320] info: Store: UPDATE_TEAM_THEME
{
  "teamId": "T8PQCQ6MT",
  "theme": {
    "active_item": "#6698C8",
    "active_item_text": "#FFFFFF",
    "active_presence": "#94E864",
    "badge": "#78AF8F",
    "column_bg": "#303E4D",
    "hover_item": "#4A5664",
    "menu_bg": "#2C3849",
    "text_color": "#FFFFFF"
  }
}
[01/09/18, 17:21:59:748] info: Store: REFRESH_TEAMS
{
  "teamIds": [
    "T841C37L5"
  ]
}
[01/09/18, 17:21:59:752] info: Store: UPSERT_WEB_CONTENTS
{
  "id": 3,
  "state": "page-will-navigate",
  "teamId": "T841C37L5"
}
[01/09/18, 17:21:59:942] info: Store: UPDATE_SESSION_STATUS
{
  "hasValidSession": false,
  "teamId": "T841C37L5"
}
[01/09/18, 17:22:01:232] info: Store: UPDATE_TEAM_ICONS
{
  "icons": false,
  "teamId": "T8PQCQ6MT"
}
[01/09/18, 17:22:01:363] info: Store: UPDATE_TEAM_LOCALE
{
  "locale": "en-US",
  "teamId": "T8PQCQ6MT"
}
[01/09/18, 17:22:03:624] info: Store: UPSERT_WEB_CONTENTS
{
  "id": 3,
  "state": "loaded",
  "teamId": "T841C37L5"
}
[01/09/18, 17:22:03:830] info: Store: UPDATE_SESSION_STATUS
{
  "hasValidSession": false,
  "teamId": "T841C37L5"
}
[01/09/18, 17:46:32:594] info: Store: NEW_NOTIFICATION
{
  "avatarImage": "https://ca.slack-edge.com/T8PQCQ6MT-U8P4XDDQ9-g848e196210b-512",
  "channel": "C8QMZAT9V",
  "content": "[REDACTED]",
  "id": "W7EqfjhnGYGN56j",
  "imageUri": null,
  "launchUri": "slack://channel?id=C8QMZAT9V&message=1515537994.000520&team=T8PQCQ6MT",
  "msg": "1515537994.000520",
  "silent": true,
  "subtitle": "",
  "teamId": "T8PQCQ6MT",
  "title": "[REDACTED]"
}
[01/09/18, 18:21:04:912] info: Store: FOREGROUND_APP
[01/09/18, 18:21:17:649] info: Store: MAIN_WINDOW_FOCUSED
[01/09/18, 18:21:17:757] info: Store: SELECT_TEAM T841C37L5
[01/09/18, 18:21:18:513] info: Store: MAIN_WINDOW_FOCUSED
[01/09/18, 18:21:19:511] info: Store: SIGN_OUT_TEAM
{
  "teamId": "T841C37L5"
}
[01/09/18, 18:21:19:519] info: Store: REMOVE_TEAM T841C37L5
[01/09/18, 18:21:19:522] warn: Base Component: Attempting to update TeamSidebar when unmounted.
[01/09/18, 18:21:19:523] warn: Base Component: Attempting to update ScrollableArea when unmounted.
[01/09/18, 18:21:19:523] warn: Base Component: Attempting to update TeamSidebarItem when unmounted.
[01/09/18, 18:21:19:523] warn: Base Component: Attempting to update TeamIcon when unmounted.
[01/09/18, 18:21:19:523] warn: Base Component: Attempting to update AsyncImage when unmounted.
[01/09/18, 18:21:19:523] warn: Base Component: Attempting to update TeamSidebarItem when unmounted.
[01/09/18, 18:21:19:523] warn: Base Component: Attempting to update TeamIcon when unmounted.
[01/09/18, 18:21:19:541] info: Store: REMOVE_WEB_CONTENTS
{
  "id": 3,
  "teamId": "T841C37L5"
}
[01/09/18, 18:21:19:723] info: Store: SIGNED_OUT_TEAM T841C37L5
[01/09/18, 20:42:07:050] info: Store: SAVE_WINDOW_SETTINGS
{
  "isMaximized": false,
  "position": [
    1961,
    41
  ],
  "size": [
    1838,
    998
  ]
}
[01/10/18, 06:39:13:723] info: Store: UPDATE_TEAM_ICONS
{
  "icons": false,
  "teamId": "T8PQCQ6MT"
}
[01/10/18, 06:39:13:856] info: Store: UPDATE_TEAM_LOCALE
{
  "locale": "en-US",
  "teamId": "T8PQCQ6MT"
}
[01/10/18, 08:12:31:370] info: Store: UNLOAD_WEB_CONTENTS T8PQCQ6MT
[01/10/18, 19:46:02:366] info: Store: UPSERT_WEB_CONTENTS
{
  "id": 8,
  "state": "page-will-navigate",
  "teamId": "T8PQCQ6MT"
}
[01/10/18, 19:46:02:548] info: Store: UPDATE_SESSION_STATUS
{
  "hasValidSession": true,
  "teamId": "T8PQCQ6MT"
}
[01/10/18, 19:46:05:968] info: Store: UPSERT_WEB_CONTENTS
{
  "id": 8,
  "state": "loaded",
  "teamId": "T8PQCQ6MT"
}
[01/10/18, 19:46:06:132] info: Store: UPDATE_SESSION_STATUS
{
  "hasValidSession": true,
  "teamId": "T8PQCQ6MT"
}
[01/10/18, 19:46:06:299] info: Store: SELECT_CHANNEL C8QMZAT9V
[01/10/18, 19:46:06:301] info: Store: UPDATE_TEAM_LOCALE
{
  "locale": "en-US"
}
[01/10/18, 19:46:06:734] info: Store: UPDATE_TEAM_ICONS
{
  "icons": false,
  "teamId": "T8PQCQ6MT"
}
[01/10/18, 19:46:06:812] info: Store: UPDATE_TEAM_LOCALE
{
  "locale": "en-US",
  "teamId": "T8PQCQ6MT"
}
[01/10/18, 19:46:06:819] info: Store: UPSERT_WEB_CONTENTS
{
  "id": 8,
  "state": "webapp-loaded",
  "teamId": "T8PQCQ6MT"
}
[01/10/18, 19:46:07:013] info: Store: UPDATE_TEAM_THEME
{
  "teamId": "T8PQCQ6MT",
  "theme": {
    "active_item": "#6698C8",
    "active_item_text": "#FFFFFF",
    "active_presence": "#94E864",
    "badge": "#78AF8F",
    "column_bg": "#303E4D",
    "hover_item": "#4A5664",
    "menu_bg": "#2C3849",
    "text_color": "#FFFFFF"
  }
}
[01/10/18, 20:07:31:434] info: Store: SAVE_WINDOW_SETTINGS
{
  "isMaximized": false,
  "position": [
    1946,
    26
  ],
  "size": [
    1868,
    1028
  ]
}
[01/10/18, 20:07:48:603] info: Store: SAVE_WINDOW_SETTINGS
{
  "isMaximized": false,
  "position": [
    1941,
    21
  ],
  "size": [
    1878,
    1038
  ]
}
[01/10/18, 22:13:45:245] info: Store: UPDATE_TEAM_ICONS
{
  "icons": false,
  "teamId": "T8PQCQ6MT"
}
[01/10/18, 22:13:45:336] info: Store: UPDATE_TEAM_LOCALE
{
  "locale": "en-US",
  "teamId": "T8PQCQ6MT"
}
[01/10/18, 22:15:28:274] info: Store: SAVE_WINDOW_SETTINGS
{
  "isMaximized": false,
  "position": [
    1941,
    39
  ],
  "size": [
    1878,
    1020
  ]
}
[01/10/18, 22:15:28:978] info: Store: UPDATE_SETTINGS
{
  "hasRunFromTray": true
}
[01/10/18, 22:15:28:980] info: Store: SHOW_TRAY_BALLOON
{
  "content": "Slack’s set to stay running in the notification area. To change this, visit Preferences > Linux App.",
  "title": "Why didn’t Slack quit?"
}
[01/10/18, 22:15:29:001] info: Store: SET_FULL_SCREEN
[01/10/18, 22:19:57:264] info: Store: FOREGROUND_APP
[01/10/18, 22:19:58:274] info: Store: SAVE_WINDOW_SETTINGS
{
  "isMaximized": false,
  "position": [
    2889,
    39
  ],
  "size": [
    930,
    1020
  ]
}
[01/11/18, 08:17:58:450] info: Store: UPDATE_TEAM_ICONS
{
  "icons": false,
  "teamId": "T8PQCQ6MT"
}
[01/11/18, 08:17:58:546] info: Store: UPDATE_TEAM_LOCALE
{
  "locale": "en-US",
  "teamId": "T8PQCQ6MT"
}
[01/11/18, 10:12:29:909] info: Store: UPDATE_TEAM_ICONS
{
  "icons": false,
  "teamId": "T8PQCQ6MT"
}
[01/11/18, 10:12:29:980] info: Store: UPDATE_TEAM_LOCALE
{
  "locale": "en-US",
  "teamId": "T8PQCQ6MT"
}
