[01/09/18, 17:22:00:511] info: ╔══════════════════════════════════════════════════════════════════════════════╗
[01/09/18, 17:22:00:511] info: ║      Slack 3.0.2, linux 4.14.12-1-ARCH on x64 at 01/09/18, 17:22:00:508      ║
[01/09/18, 17:22:00:512] info: ╚══════════════════════════════════════════════════════════════════════════════╝
[01/09/18, 17:22:00:591] info: Initializing local storage instance at path: /home/lotus/.config/Slack/local-settings.json
[01/09/18, 17:22:00:784] error: Calls failed to load, bailing
[01/09/18, 17:22:00:787] info: updateSuspendResume: true
[01/09/18, 17:22:00:787] warn: updateSpellcheckerLanguage: Tried to update language, but spellchecker not initialized
[01/09/18, 17:22:01:232] info: Store: UPDATE_TEAM_ICONS
{
  "icons": false,
  "teamId": "T8PQCQ6MT"
}
[01/09/18, 17:22:01:363] info: Store: UPDATE_TEAM_LOCALE
{
  "locale": "en-US",
  "teamId": "T8PQCQ6MT"
}
[01/09/18, 17:22:03:681] info: Store: UPSERT_WEB_CONTENTS
{
  "id": 3,
  "state": "loaded",
  "teamId": "T841C37L5"
}
[01/09/18, 17:22:03:830] info: Store: UPDATE_SESSION_STATUS
{
  "hasValidSession": false,
  "teamId": "T841C37L5"
}
[01/09/18, 17:46:32:594] info: Store: NEW_NOTIFICATION
{
  "avatarImage": "https://ca.slack-edge.com/T8PQCQ6MT-U8P4XDDQ9-g848e196210b-512",
  "channel": "C8QMZAT9V",
  "content": "[REDACTED]",
  "id": "W7EqfjhnGYGN56j",
  "imageUri": null,
  "launchUri": "slack://channel?id=C8QMZAT9V&message=1515537994.000520&team=T8PQCQ6MT",
  "msg": "1515537994.000520",
  "silent": true,
  "subtitle": "",
  "teamId": "T8PQCQ6MT",
  "title": "[REDACTED]"
}
[01/09/18, 18:21:04:912] info: Store: FOREGROUND_APP
[01/09/18, 18:21:17:649] info: Store: MAIN_WINDOW_FOCUSED
[01/09/18, 18:21:17:757] info: Store: SELECT_TEAM T841C37L5
[01/09/18, 18:21:18:503] info: Store: MAIN_WINDOW_FOCUSED
[01/09/18, 18:21:19:511] info: Store: SIGN_OUT_TEAM
{
  "teamId": "T841C37L5"
}
[01/09/18, 18:21:19:519] info: Store: REMOVE_TEAM T841C37L5
