info: ╔══════════════════════════════════════════════════════════════════════════════╗
info: ║      Slack 3.0.2, linux 4.14.12-1-ARCH on x64 at 01/08/18, 17:25:21:517      ║
info: ╚══════════════════════════════════════════════════════════════════════════════╝
error: Calls failed to load, bailing
info: Jan-8 17:25:24.329 [BOOT] booted! pri:0 version:1515450056 start_ms:1515450322668 (1661ms ago)
info: Jan-8 17:25:24.334 [BOOT] Starting incremental boot (early)
info: Jan-8 17:25:24.657 [SOCKET-MANAGER] (T8PQCQ6MT) Changing from never_connected to prov_connect
info: Jan-8 17:25:24.657 [SOCKET-MANAGER] (T8PQCQ6MT) will stay in prov_connect state for up to 10000 ms
info: Jan-8 17:25:24.658 [SOCKET-MANAGER] (T8PQCQ6MT) Changing from prov_connect to prov_connecting
info: Jan-8 17:25:24.658 [SOCKET-MANAGER] (T8PQCQ6MT) will stay in prov_connecting state for up to 20000 ms
info: Jan-8 17:25:25.190 [SOCKET-MANAGER] (T8PQCQ6MT) Changing from prov_connecting to prov_connected
info: Jan-8 17:25:25.190 [SOCKET-MANAGER] (T8PQCQ6MT) will stay in prov_connected state for up to 60000 ms
info: Jan-8 17:25:25.200 [INFO] Got start data from Socket Manager; hydrating it
info: Jan-8 17:25:25.201 [BOOT] Finalizing incremental boot
warn: Jan-8 17:25:25.594 activity is not scalar! it needs to be handled by upsertTeam specifically to test if it has changed! object
info: Jan-8 17:25:25.605 [BOOT] Completed incremental boot
info: Jan-8 17:25:25.685 [HISTORY] C8QMZAT9V HAS MORE
info: Jan-8 17:25:25.701 [BOOT] _maybeFinalizeOrOpenConnectionToMS will finalize SocketManager
info: Jan-8 17:25:25.701 [SOCKET-MANAGER] (T8PQCQ6MT) Changing from prov_connected to prov_finalize
info: Jan-8 17:25:25.701 [SOCKET-MANAGER] (T8PQCQ6MT) will stay in prov_finalize state for up to 10000 ms
info: Jan-8 17:25:25.702 [SOCKET-MANAGER] (T8PQCQ6MT) Changing from prov_finalize to prov_finalizing
info: Jan-8 17:25:25.702 [SOCKET-MANAGER] (T8PQCQ6MT) will stay in prov_finalizing state for up to 10000 ms
info: Jan-8 17:25:25.702 [SOCKET-MANAGER] (T8PQCQ6MT) Changing from prov_finalizing to connected
info: Jan-8 17:25:25.702 [SOCKET-MANAGER] (T8PQCQ6MT) will stay in connected state for up to Infinity ms
info: Jan-8 17:25:25.702 [BOOT] _maybeFinalizeOrOpenConnectionToMS did finalize SocketManager
info: Jan-8 17:25:25.703 [BOOT] Finished first boot 1051 ms after DOM ready
info: Jan-8 17:25:26.145 [INFO] Finished processing users.counts
info: Jan-8 17:25:26.145 [INFO] 1 IMs with unreads, 3 total dm_count
info: Jan-8 17:25:27.252 [ACTION:CHANNEL-SIDEBAR] Selected D8PHYDP19
info: Jan-8 17:25:27.418 [HISTORY] Not loading scrollback in D8PHYDP19: We have the oldest msg: 1515435547.000639. is_limited:undefined
info: Jan-8 17:25:30.344 [ACTION:CHANNEL-SIDEBAR] Selected C8QMZAT9V
info: Jan-8 17:25:30.378 [HISTORY] Not loading scrollback in C8QMZAT9V: We have the oldest msg: 1515435227.000479. is_limited:undefined
info: Jan-8 21:32:58.636 [SOCKET-MANAGER] (T8PQCQ6MT) got offline event; moving to DISCONNECT as needed
info: Jan-8 21:32:58.636 [SOCKET-MANAGER] (T8PQCQ6MT) Changing from connected to disconnect
info: Jan-8 21:32:58.636 [SOCKET-MANAGER] (T8PQCQ6MT) will stay in disconnect state for up to 10000 ms
info: Jan-8 21:32:58.637 [SOCKET-MANAGER] (T8PQCQ6MT) Changing from disconnect to disconnecting
info: Jan-8 21:32:58.637 [SOCKET-MANAGER] (T8PQCQ6MT) will stay in disconnecting state for up to 10000 ms
info: Jan-8 21:32:58.637 [SOCKET-MANAGER] (T8PQCQ6MT) Changing from disconnecting to disconnected
info: Jan-8 21:32:58.637 [SOCKET-MANAGER] (T8PQCQ6MT) will stay in disconnected state for up to 10000 ms
info: Jan-8 21:32:58.637 [SOCKET-MANAGER] (T8PQCQ6MT) Disconnected! Online? false
info: Jan-8 21:32:58.637 [SOCKET-MANAGER] (T8PQCQ6MT) Changing from disconnected to wait_for_connectivity
info: Jan-8 21:32:58.637 [SOCKET-MANAGER] (T8PQCQ6MT) will stay in wait_for_connectivity state for up to 300000 ms
info: Jan-8 21:32:58.641 [INFO] Hiding the reconnection banner because we are disconnected
warn: Jan-8 21:32:59.639 Internet connection still offline after 1 attempts (browser says it is still offline)
warn: Jan-8 21:33:00.639 Internet connection still offline after 2 attempts (browser says it is still offline)
warn: Jan-8 21:33:01.640 Internet connection still offline after 3 attempts (browser says it is still offline)
warn: Jan-8 21:33:02.640 Internet connection still offline after 4 attempts (browser says it is still offline)
warn: Jan-8 21:33:03.641 Internet connection still offline after 5 attempts (browser says it is still offline)
warn: Jan-8 21:33:04.641 Internet connection still offline after 6 attempts (browser says it is still offline)
info: Jan-8 21:33:05.857 [INFO] Internet connection has been re-established after 7 retry attempts; offline for NaN seconds
info: Jan-8 21:33:05.858 [SOCKET-MANAGER] (T8PQCQ6MT) Changing from wait_for_connectivity to wait_for_rate_limit
info: Jan-8 21:33:05.858 [SOCKET-MANAGER] (T8PQCQ6MT) will stay in wait_for_rate_limit state for up to 120000 ms
info: Jan-8 21:33:05.859 [SOCKET-MANAGER] (T8PQCQ6MT) Changing from wait_for_rate_limit to connect
info: Jan-8 21:33:05.859 [SOCKET-MANAGER] (T8PQCQ6MT) will stay in connect state for up to 10000 ms
info: Jan-8 21:33:05.859 [SOCKET-MANAGER] (T8PQCQ6MT) Changing from connect to checking_fast_reconnect
info: Jan-8 21:33:05.859 [SOCKET-MANAGER] (T8PQCQ6MT) will stay in checking_fast_reconnect state for up to 60000 ms
info: Jan-8 21:33:05.977 [SOCKET-MANAGER] (T8PQCQ6MT) Changing from checking_fast_reconnect to connecting
info: Jan-8 21:33:05.977 [SOCKET-MANAGER] (T8PQCQ6MT) will stay in connecting state for up to 20000 ms
info: Jan-8 21:33:06.260 [SOCKET-MANAGER] (T8PQCQ6MT) Changing from connecting to connected
info: Jan-8 21:33:06.260 [SOCKET-MANAGER] (T8PQCQ6MT) will stay in connected state for up to Infinity ms
info: Jan-8 21:33:06.261 [EVENTLOG] fr=true, lc=false, lt=1515450355.000069
info: Jan-8 22:04:06.639 [SOCKET-MANAGER] (T8PQCQ6MT) got offline event; moving to DISCONNECT as needed
info: Jan-8 22:04:06.640 [SOCKET-MANAGER] (T8PQCQ6MT) Changing from connected to disconnect
info: Jan-8 22:04:06.640 [SOCKET-MANAGER] (T8PQCQ6MT) will stay in disconnect state for up to 10000 ms
info: Jan-8 22:04:06.640 [SOCKET-MANAGER] (T8PQCQ6MT) Changing from disconnect to disconnecting
info: Jan-8 22:04:06.640 [SOCKET-MANAGER] (T8PQCQ6MT) will stay in disconnecting state for up to 10000 ms
info: Jan-8 22:04:06.641 [SOCKET-MANAGER] (T8PQCQ6MT) Changing from disconnecting to disconnected
info: Jan-8 22:04:06.641 [SOCKET-MANAGER] (T8PQCQ6MT) will stay in disconnected state for up to 10000 ms
info: Jan-8 22:04:06.641 [SOCKET-MANAGER] (T8PQCQ6MT) Disconnected! Online? false
info: Jan-8 22:04:06.641 [SOCKET-MANAGER] (T8PQCQ6MT) Changing from disconnected to wait_for_connectivity
info: Jan-8 22:04:06.641 [SOCKET-MANAGER] (T8PQCQ6MT) will stay in wait_for_connectivity state for up to 300000 ms
info: Jan-8 22:04:06.643 [INFO] Hiding the reconnection banner because we are disconnected
warn: Jan-8 22:04:07.641 Internet connection still offline after 1 attempts (browser says it is still offline)
warn: Jan-8 22:04:08.642 Internet connection still offline after 2 attempts (browser says it is still offline)
warn: Jan-8 22:04:09.642 Internet connection still offline after 3 attempts (browser says it is still offline)
warn: Jan-8 22:04:10.643 Internet connection still offline after 4 attempts (browser says it is still offline)
warn: Jan-8 22:04:11.644 Internet connection still offline after 5 attempts (browser says it is still offline)
warn: Jan-8 22:04:12.645 Internet connection still offline after 6 attempts (browser says it is still offline)
info: Jan-8 22:04:13.836 [INFO] Internet connection has been re-established after 7 retry attempts; offline for NaN seconds
info: Jan-8 22:04:13.836 [SOCKET-MANAGER] (T8PQCQ6MT) Changing from wait_for_connectivity to wait_for_rate_limit
info: Jan-8 22:04:13.836 [SOCKET-MANAGER] (T8PQCQ6MT) will stay in wait_for_rate_limit state for up to 120000 ms
info: Jan-8 22:04:13.837 [SOCKET-MANAGER] (T8PQCQ6MT) Changing from wait_for_rate_limit to connect
info: Jan-8 22:04:13.837 [SOCKET-MANAGER] (T8PQCQ6MT) will stay in connect state for up to 10000 ms
info: Jan-8 22:04:13.837 [SOCKET-MANAGER] (T8PQCQ6MT) Changing from connect to checking_fast_reconnect
info: Jan-8 22:04:13.837 [SOCKET-MANAGER] (T8PQCQ6MT) will stay in checking_fast_reconnect state for up to 60000 ms
info: Jan-8 22:04:13.902 [SOCKET-MANAGER] (T8PQCQ6MT) Changing from checking_fast_reconnect to connecting
info: Jan-8 22:04:13.902 [SOCKET-MANAGER] (T8PQCQ6MT) will stay in connecting state for up to 20000 ms
info: Jan-8 22:04:14.150 [SOCKET-MANAGER] (T8PQCQ6MT) Changing from connecting to connected
info: Jan-8 22:04:14.150 [SOCKET-MANAGER] (T8PQCQ6MT) will stay in connected state for up to Infinity ms
info: Jan-8 22:04:14.151 [EVENTLOG] fr=true, lc=false, lt=1515450355.000069
info: Jan-8 22:53:21.751 [SOCKET-MANAGER] (T8PQCQ6MT) got offline event; moving to DISCONNECT as needed
info: Jan-8 22:53:21.751 [SOCKET-MANAGER] (T8PQCQ6MT) Changing from connected to disconnect
info: Jan-8 22:53:21.752 [SOCKET-MANAGER] (T8PQCQ6MT) will stay in disconnect state for up to 10000 ms
info: Jan-8 22:53:21.752 [SOCKET-MANAGER] (T8PQCQ6MT) Changing from disconnect to disconnecting
info: Jan-8 22:53:21.752 [SOCKET-MANAGER] (T8PQCQ6MT) will stay in disconnecting state for up to 10000 ms
info: Jan-8 22:53:21.752 [SOCKET-MANAGER] (T8PQCQ6MT) Changing from disconnecting to disconnected
info: Jan-8 22:53:21.752 [SOCKET-MANAGER] (T8PQCQ6MT) will stay in disconnected state for up to 10000 ms
info: Jan-8 22:53:21.753 [SOCKET-MANAGER] (T8PQCQ6MT) Disconnected! Online? false
info: Jan-8 22:53:21.753 [SOCKET-MANAGER] (T8PQCQ6MT) Changing from disconnected to wait_for_connectivity
info: Jan-8 22:53:21.753 [SOCKET-MANAGER] (T8PQCQ6MT) will stay in wait_for_connectivity state for up to 300000 ms
info: Jan-8 22:53:21.755 [INFO] Hiding the reconnection banner because we are disconnected
warn: Jan-9 17:21:23.368 Internet connection still offline after 1 attempts (browser says it is still offline)
warn: Jan-9 17:21:24.368 Internet connection still offline after 2 attempts (browser says it is still offline)
warn: Jan-9 17:21:25.369 Internet connection still offline after 3 attempts (browser says it is still offline)
warn: Jan-9 17:21:26.369 Internet connection still offline after 4 attempts (browser says it is still offline)
warn: Jan-9 17:21:27.370 Internet connection still offline after 5 attempts (browser says it is still offline)
warn: Jan-9 17:21:28.370 Internet connection still offline after 6 attempts (browser says it is still offline)
warn: Jan-9 17:21:29.370 Internet connection still offline after 7 attempts (browser says it is still offline)
warn: Jan-9 17:21:30.371 Internet connection still offline after 8 attempts (browser says it is still offline)
warn: Jan-9 17:21:31.374 Internet connection still offline after 9 attempts (unable to reach API)
warn: Jan-9 17:21:32.374 Internet connection still offline after 10 attempts (browser says it is still offline)
warn: Jan-9 17:21:33.374 Internet connection still offline after 11 attempts (browser says it is still offline)
warn: Jan-9 17:21:34.375 Internet connection still offline after 12 attempts (browser says it is still offline)
warn: Jan-9 17:21:35.375 Internet connection still offline after 13 attempts (browser says it is still offline)
warn: Jan-9 17:21:36.375 Internet connection still offline after 14 attempts (browser says it is still offline)
warn: Jan-9 17:21:37.376 Internet connection still offline after 15 attempts (browser says it is still offline)
warn: Jan-9 17:21:38.376 Internet connection still offline after 16 attempts (browser says it is still offline)
warn: Jan-9 17:21:39.377 Internet connection still offline after 17 attempts (browser says it is still offline)
warn: Jan-9 17:21:40.377 Internet connection still offline after 18 attempts (browser says it is still offline)
warn: Jan-9 17:21:41.380 Internet connection still offline after 19 attempts (unable to reach API)
warn: Jan-9 17:21:42.383 Internet connection still offline after 20 attempts (unable to reach API)
warn: Jan-9 17:21:43.386 Internet connection still offline after 21 attempts (unable to reach API)
warn: Jan-9 17:21:44.446 Internet connection still offline after 22 attempts (unable to reach API)
warn: Jan-9 17:21:45.470 Internet connection still offline after 23 attempts (unable to reach API)
warn: Jan-9 17:21:46.487 Internet connection still offline after 24 attempts (unable to reach API)
warn: Jan-9 17:21:47.648 Internet connection still offline after 25 attempts (unable to reach API)
warn: Jan-9 17:21:48.667 Internet connection still offline after 26 attempts (unable to reach API)
warn: Jan-9 17:21:49.684 Internet connection still offline after 27 attempts (unable to reach API)
warn: Jan-9 17:21:50.700 Internet connection still offline after 28 attempts (unable to reach API)
warn: Jan-9 17:21:51.804 Internet connection still offline after 29 attempts (unable to reach API)
warn: Jan-9 17:21:52.928 Internet connection still offline after 30 attempts (unable to reach API)
warn: Jan-9 17:21:53.983 Internet connection still offline after 31 attempts (unable to reach API)
warn: Jan-9 17:21:55.105 Internet connection still offline after 32 attempts (unable to reach API)
warn: Jan-9 17:21:56.236 Internet connection still offline after 33 attempts (unable to reach API)
info: Jan-9 17:22:00.651 [INFO] Internet connection has been re-established after 34 retry attempts; offline for NaN seconds
info: Jan-9 17:22:00.651 [SOCKET-MANAGER] (T8PQCQ6MT) Changing from wait_for_connectivity to wait_for_rate_limit
info: Jan-9 17:22:00.652 [SOCKET-MANAGER] (T8PQCQ6MT) will stay in wait_for_rate_limit state for up to 120000 ms
info: Jan-9 17:22:00.652 [SOCKET-MANAGER] (T8PQCQ6MT) Changing from wait_for_rate_limit to connect
info: Jan-9 17:22:00.652 [SOCKET-MANAGER] (T8PQCQ6MT) will stay in connect state for up to 10000 ms
info: Jan-9 17:22:00.652 [SOCKET-MANAGER] (T8PQCQ6MT) Changing from connect to checking_fast_reconnect
info: Jan-9 17:22:00.652 [SOCKET-MANAGER] (T8PQCQ6MT) will stay in checking_fast_reconnect state for up to 60000 ms
info: Jan-9 17:22:00.653 [SOCKET-MANAGER] (T8PQCQ6MT) Changing from checking_fast_reconnect to prov_connect
info: Jan-9 17:22:00.653 [SOCKET-MANAGER] (T8PQCQ6MT) will stay in prov_connect state for up to 10000 ms
info: Jan-9 17:22:00.654 [SOCKET-MANAGER] (T8PQCQ6MT) Changing from prov_connect to prov_connecting
info: Jan-9 17:22:00.654 [SOCKET-MANAGER] (T8PQCQ6MT) will stay in prov_connecting state for up to 20000 ms
info: Jan-9 17:22:01.138 [SOCKET-MANAGER] (T8PQCQ6MT) Changing from prov_connecting to prov_connected
info: Jan-9 17:22:01.138 [SOCKET-MANAGER] (T8PQCQ6MT) will stay in prov_connected state for up to 60000 ms
info: Jan-9 17:22:01.139 [INFO] Got start data from Socket Manager; hydrating it
info: Jan-9 17:22:01.220 [INFO] Successfully hydrated start data from Socket Manager; processing it
warn: Jan-9 17:22:01.221 activity is not scalar! it needs to be handled by upsertTeam specifically to test if it has changed! object
info: Jan-9 17:22:01.347 [HISTORY] Not loading scrollback in C8QMZAT9V: We have the oldest msg: 1515435227.000479. is_limited:undefined
info: Jan-9 17:22:01.362 [BOOT] _maybeFinalizeOrOpenConnectionToMS will finalize SocketManager
info: Jan-9 17:22:01.362 [SOCKET-MANAGER] (T8PQCQ6MT) Changing from prov_connected to prov_finalize
info: Jan-9 17:22:01.362 [SOCKET-MANAGER] (T8PQCQ6MT) will stay in prov_finalize state for up to 10000 ms
info: Jan-9 17:22:01.362 [SOCKET-MANAGER] (T8PQCQ6MT) Changing from prov_finalize to prov_finalizing
info: Jan-9 17:22:01.362 [SOCKET-MANAGER] (T8PQCQ6MT) will stay in prov_finalizing state for up to 10000 ms
info: Jan-9 17:22:01.362 [SOCKET-MANAGER] (T8PQCQ6MT) Changing from prov_finalizing to connected
info: Jan-9 17:22:01.363 [SOCKET-MANAGER] (T8PQCQ6MT) will stay in connected state for up to Infinity ms
info: Jan-9 17:22:01.363 [BOOT] _maybeFinalizeOrOpenConnectionToMS did finalize SocketManager
info: Jan-9 17:22:01.363 [EVENTLOG] fr=false, lc=false, lt=1515450355.000069
info: Jan-9 17:22:01.363 [EVENTLOG] fetching events since 1515450355.000069 (86166.99993109703 seconds ago)
info: Jan-9 17:22:01.767 [INFO] Finished processing users.counts
info: Jan-9 17:22:01.768 [INFO] 0 IMs with unreads, 0 total dm_count
info: Jan-9 17:22:01.775 [EVENTLOG] nothing to process
info: Jan-9 17:22:01.776 [EVENTLOG] fetched finish (cancelled? false)
info: Jan-9 17:22:01.776 [EVENTLOG] dispatching signal and clearing timestamp
info: Jan-9 22:47:35.690 [SOCKET-MANAGER] (T8PQCQ6MT) got offline event; moving to DISCONNECT as needed
info: Jan-9 22:47:35.700 [SOCKET-MANAGER] (T8PQCQ6MT) Changing from connected to disconnect
info: Jan-9 22:47:35.710 [SOCKET-MANAGER] (T8PQCQ6MT) will stay in disconnect state for up to 10000 ms
info: Jan-9 22:47:35.710 [SOCKET-MANAGER] (T8PQCQ6MT) Changing from disconnect to disconnecting
info: Jan-9 22:47:35.710 [SOCKET-MANAGER] (T8PQCQ6MT) will stay in disconnecting state for up to 10000 ms
info: Jan-9 22:47:35.710 [SOCKET-MANAGER] (T8PQCQ6MT) Changing from disconnecting to disconnected
info: Jan-9 22:47:35.710 [SOCKET-MANAGER] (T8PQCQ6MT) will stay in disconnected state for up to 10000 ms
info: Jan-9 22:47:35.710 [SOCKET-MANAGER] (T8PQCQ6MT) Disconnected! Online? false
info: Jan-9 22:47:35.710 [SOCKET-MANAGER] (T8PQCQ6MT) Changing from disconnected to wait_for_connectivity
info: Jan-9 22:47:35.710 [SOCKET-MANAGER] (T8PQCQ6MT) will stay in wait_for_connectivity state for up to 300000 ms
info: Jan-9 22:47:35.730 [INFO] Hiding the reconnection banner because we are disconnected
warn: Jan-10 06:38:51.370 Internet connection still offline after 1 attempts (browser says it is still offline)
warn: Jan-10 06:38:52.371 Internet connection still offline after 2 attempts (browser says it is still offline)
warn: Jan-10 06:38:53.371 Internet connection still offline after 3 attempts (browser says it is still offline)
warn: Jan-10 06:38:54.372 Internet connection still offline after 4 attempts (browser says it is still offline)
warn: Jan-10 06:38:55.372 Internet connection still offline after 5 attempts (browser says it is still offline)
warn: Jan-10 06:38:56.373 Internet connection still offline after 6 attempts (browser says it is still offline)
warn: Jan-10 06:38:57.373 Internet connection still offline after 7 attempts (browser says it is still offline)
warn: Jan-10 06:38:58.374 Internet connection still offline after 8 attempts (browser says it is still offline)
warn: Jan-10 06:38:59.378 Internet connection still offline after 9 attempts (unable to reach API)
warn: Jan-10 06:39:00.378 Internet connection still offline after 10 attempts (browser says it is still offline)
warn: Jan-10 06:39:01.378 Internet connection still offline after 11 attempts (browser says it is still offline)
warn: Jan-10 06:39:02.379 Internet connection still offline after 12 attempts (browser says it is still offline)
warn: Jan-10 06:39:03.379 Internet connection still offline after 13 attempts (browser says it is still offline)
warn: Jan-10 06:39:04.379 Internet connection still offline after 14 attempts (browser says it is still offline)
warn: Jan-10 06:39:05.380 Internet connection still offline after 15 attempts (browser says it is still offline)
warn: Jan-10 06:39:06.380 Internet connection still offline after 16 attempts (browser says it is still offline)
warn: Jan-10 06:39:07.381 Internet connection still offline after 17 attempts (browser says it is still offline)
warn: Jan-10 06:39:08.971 Internet connection still offline after 18 attempts (unable to reach API)
warn: Jan-10 06:39:09.992 Internet connection still offline after 19 attempts (unable to reach API)
warn: Jan-10 06:39:11.700 Internet connection still offline after 20 attempts (unable to reach API)
info: Jan-10 06:39:13.176 [INFO] Internet connection has been re-established after 21 retry attempts; offline for NaN seconds
info: Jan-10 06:39:13.177 [SOCKET-MANAGER] (T8PQCQ6MT) Changing from wait_for_connectivity to wait_for_rate_limit
info: Jan-10 06:39:13.177 [SOCKET-MANAGER] (T8PQCQ6MT) will stay in wait_for_rate_limit state for up to 120000 ms
info: Jan-10 06:39:13.177 [SOCKET-MANAGER] (T8PQCQ6MT) Changing from wait_for_rate_limit to connect
info: Jan-10 06:39:13.177 [SOCKET-MANAGER] (T8PQCQ6MT) will stay in connect state for up to 10000 ms
info: Jan-10 06:39:13.177 [SOCKET-MANAGER] (T8PQCQ6MT) Changing from connect to checking_fast_reconnect
info: Jan-10 06:39:13.177 [SOCKET-MANAGER] (T8PQCQ6MT) will stay in checking_fast_reconnect state for up to 60000 ms
info: Jan-10 06:39:13.178 [SOCKET-MANAGER] (T8PQCQ6MT) Changing from checking_fast_reconnect to prov_connect
info: Jan-10 06:39:13.178 [SOCKET-MANAGER] (T8PQCQ6MT) will stay in prov_connect state for up to 10000 ms
info: Jan-10 06:39:13.178 [SOCKET-MANAGER] (T8PQCQ6MT) Changing from prov_connect to prov_connecting
info: Jan-10 06:39:13.178 [SOCKET-MANAGER] (T8PQCQ6MT) will stay in prov_connecting state for up to 20000 ms
info: Jan-10 06:39:13.675 [SOCKET-MANAGER] (T8PQCQ6MT) Changing from prov_connecting to prov_connected
info: Jan-10 06:39:13.676 [SOCKET-MANAGER] (T8PQCQ6MT) will stay in prov_connected state for up to 60000 ms
info: Jan-10 06:39:13.676 [INFO] Got start data from Socket Manager; hydrating it
info: Jan-10 06:39:13.715 [INFO] Successfully hydrated start data from Socket Manager; processing it
warn: Jan-10 06:39:13.715 activity is not scalar! it needs to be handled by upsertTeam specifically to test if it has changed! object
info: Jan-10 06:39:13.855 [BOOT] _maybeFinalizeOrOpenConnectionToMS will finalize SocketManager
info: Jan-10 06:39:13.855 [SOCKET-MANAGER] (T8PQCQ6MT) Changing from prov_connected to prov_finalize
info: Jan-10 06:39:13.855 [SOCKET-MANAGER] (T8PQCQ6MT) will stay in prov_finalize state for up to 10000 ms
info: Jan-10 06:39:13.855 [SOCKET-MANAGER] (T8PQCQ6MT) Changing from prov_finalize to prov_finalizing
info: Jan-10 06:39:13.855 [SOCKET-MANAGER] (T8PQCQ6MT) will stay in prov_finalizing state for up to 10000 ms
info: Jan-10 06:39:13.855 [SOCKET-MANAGER] (T8PQCQ6MT) Changing from prov_finalizing to connected
info: Jan-10 06:39:13.856 [SOCKET-MANAGER] (T8PQCQ6MT) will stay in connected state for up to Infinity ms
info: Jan-10 06:39:13.856 [BOOT] _maybeFinalizeOrOpenConnectionToMS did finalize SocketManager
info: Jan-10 06:39:13.856 [EVENTLOG] fr=false, lc=false, lt=1515540119.000406
info: Jan-10 06:39:13.856 [EVENTLOG] fetching events since 1515540119.000406 (44234.99959397316 seconds ago)
info: Jan-10 06:39:13.995 [INFO] Finished processing users.counts
info: Jan-10 06:39:13.995 [INFO] 0 IMs with unreads, 0 total dm_count
info: Jan-10 06:39:13.996 [EVENTLOG] nothing to process
info: Jan-10 06:39:13.996 [EVENTLOG] fetched finish (cancelled? false)
info: Jan-10 06:39:13.996 [EVENTLOG] dispatching signal and clearing timestamp
info: Jan-10 19:45:55.250 [SOCKET-MANAGER] (T8PQCQ6MT) got offline event; moving to DISCONNECT as needed
info: Jan-10 19:45:55.250 [SOCKET-MANAGER] (T8PQCQ6MT) Changing from connected to disconnect
info: Jan-10 19:45:55.260 [SOCKET-MANAGER] (T8PQCQ6MT) will stay in disconnect state for up to 10000 ms
info: Jan-10 19:45:55.260 [SOCKET-MANAGER] (T8PQCQ6MT) Changing from disconnect to disconnecting
info: Jan-10 19:45:55.260 [SOCKET-MANAGER] (T8PQCQ6MT) will stay in disconnecting state for up to 10000 ms
info: Jan-10 19:45:55.270 [SOCKET-MANAGER] (T8PQCQ6MT) Changing from disconnecting to disconnected
info: Jan-10 19:45:55.270 [SOCKET-MANAGER] (T8PQCQ6MT) will stay in disconnected state for up to 10000 ms
info: Jan-10 19:45:55.270 [SOCKET-MANAGER] (T8PQCQ6MT) Disconnected! Online? false
info: Jan-10 19:45:55.270 [SOCKET-MANAGER] (T8PQCQ6MT) Changing from disconnected to wait_for_connectivity
info: Jan-10 19:45:55.270 [SOCKET-MANAGER] (T8PQCQ6MT) will stay in wait_for_connectivity state for up to 300000 ms
info: Jan-10 19:45:55.290 [INFO] Hiding the reconnection banner because we are disconnected
warn: Jan-10 19:45:56.280 Internet connection still offline after 1 attempts (browser says it is still offline)
warn: Jan-10 19:45:57.280 Internet connection still offline after 2 attempts (browser says it is still offline)
warn: Jan-10 19:45:58.280 Internet connection still offline after 3 attempts (browser says it is still offline)
warn: Jan-10 19:45:59.290 Internet connection still offline after 4 attempts (browser says it is still offline)
warn: Jan-10 19:46:00.300 Internet connection still offline after 5 attempts (browser says it is still offline)
warn: Jan-10 19:46:01.300 Internet connection still offline after 6 attempts (browser says it is still offline)
info: Jan-10 19:46:02.235 [INFO] Internet connection has been re-established after 7 retry attempts; offline for NaN seconds
info: Jan-10 19:46:02.235 [SOCKET-MANAGER] (T8PQCQ6MT) Changing from wait_for_connectivity to wait_for_rate_limit
info: Jan-10 19:46:02.235 [SOCKET-MANAGER] (T8PQCQ6MT) will stay in wait_for_rate_limit state for up to 120000 ms
info: Jan-10 19:46:02.236 [SOCKET-MANAGER] (T8PQCQ6MT) Changing from wait_for_rate_limit to connect
info: Jan-10 19:46:02.236 [SOCKET-MANAGER] (T8PQCQ6MT) will stay in connect state for up to 10000 ms
info: Jan-10 19:46:02.236 [SOCKET-MANAGER] (T8PQCQ6MT) Changing from connect to checking_fast_reconnect
info: Jan-10 19:46:02.236 [SOCKET-MANAGER] (T8PQCQ6MT) will stay in checking_fast_reconnect state for up to 60000 ms
info: Jan-10 19:46:02.363 [INFO] TS.reload() called: "parseInt(TS.boot_data.version_ts) < parseInt(data.min_version_ts)"
info: 2018/1/10 19:46:02.364  Stacktrace: ↴
 at Object.e [as reload] (https://a.slack-edge.com/bv1-1/rollup-core_required_ts.90096f9d6d847f7a5b0e.min.js:1:72734)
at e (https://a.slack-edge.com/bv1-1/rollup-core_required_ts.90096f9d6d847f7a5b0e.min.js:1:72968)
at https://a.slack-edge.com/bv1-1/application.7585a4172ea08f4a7445.min.js:1:874999
at https://a.slack-edge.com/bv1-1/application.7585a4172ea08f4a7445.min.js:1:1082848
at u (https://a.slack-edge.com/bv1-1/rollup-core_required_libs.20cf99d99bc71a69c9d4.min.js:1:257906)
at O._settlePromiseFromHandler (https://a.slack-edge.com/bv1-1/rollup-core_required_libs.20cf99d99bc71a69c9d4.min.js:1:230391)
at O._settlePromise (https://a.slack-edge.com/bv1-1/rollup-core_required_libs.20cf99d99bc71a69c9d4.min.js:1:231243)
at O._settlePromise0 (https://a.slack-edge.com/bv1-1/rollup-core_required_libs.20cf99d99bc71a69c9d4.min.js:1:231980)
at O._settlePromises (https://a.slack-edge.com/bv1-1/rollup-core_required_libs.20cf99d99bc71a69c9d4.min.js:1:233374)
at u._drainQueue (https://a.slack-edge.com/bv1-1/rollup-core_required_libs.20cf99d99bc71a69c9d4.min.js:1:188905)
at u._drainQueues (https://a.slack-edge.com/bv1-1/rollup-core_required_libs.20cf99d99bc71a69c9d4.min.js:1:189019)
at drainQueues (https://a.slack-edge.com/bv1-1/rollup-core_required_libs.20cf99d99bc71a69c9d4.min.js:1:187309)
at MutationObserver.<anonymous> (https://a.slack-edge.com/bv1-1/rollup-core_required_libs.20cf99d99bc71a69c9d4.min.js:1:247718)
info: Jan-10 19:46:02.370 [INFO] client window unloaded!
error: Calls failed to load, bailing
info: Jan-10 19:46:05.565 [BOOT] booted! pri:0 version:1515630732 start_ms:1515631563713 (1852ms ago)
info: Jan-10 19:46:05.572 [BOOT] Starting incremental boot (early)
info: Jan-10 19:46:05.928 [SOCKET-MANAGER] (T8PQCQ6MT) Changing from never_connected to prov_connect
info: Jan-10 19:46:05.928 [SOCKET-MANAGER] (T8PQCQ6MT) will stay in prov_connect state for up to 10000 ms
info: Jan-10 19:46:05.929 [SOCKET-MANAGER] (T8PQCQ6MT) Changing from prov_connect to prov_connecting
info: Jan-10 19:46:05.929 [SOCKET-MANAGER] (T8PQCQ6MT) will stay in prov_connecting state for up to 20000 ms
info: Jan-10 19:46:06.300 [BOOT] Finalizing incremental boot
info: Jan-10 19:46:06.506 [FLANNEL] received a user_counts_request call while we are not connected; deferring
info: Jan-10 19:46:06.507 [UNREAD-COUNTS] Counting unreads in C8QMZAT9V because (11) timestamps added
info: Jan-10 19:46:06.600 [HISTORY-FETCH] Fetching history for message pane: C8QMZAT9V
info: Jan-10 19:46:06.609 [CHECK-UNREADS] unreadLineVisible updated: false -> true
info: Jan-10 19:46:06.610 [MESSAGE-LIST] componentWillReceiveProps isLoading: false isLoadingOlder: false timestamps: 8
info: Jan-10 19:46:06.623 [CHECK-UNREADS] Checking unreads after unread line became visible
info: Jan-10 19:46:06.623 [CHECK-UNREADS] Not marking C8QMZAT9V because not fully booted
info: Jan-10 19:46:06.639 [SOCKET-MANAGER] (T8PQCQ6MT) Changing from prov_connecting to prov_connected
info: Jan-10 19:46:06.639 [SOCKET-MANAGER] (T8PQCQ6MT) will stay in prov_connected state for up to 60000 ms
info: Jan-10 19:46:06.640 [FLANNEL] connected! Continuing deferred user_counts_request call
info: Jan-10 19:46:06.641 [INFO] Got start data from Socket Manager; hydrating it
info: Jan-10 19:46:06.657 [MESSAGE-LIST] componentWillReceiveProps isLoading: true isLoadingOlder: true timestamps: 8
info: Jan-10 19:46:06.662 [CHECK-UNREADS] unreadLineVisible updated: true -> false
warn: Jan-10 19:46:06.718 activity is not scalar! it needs to be handled by upsertTeam specifically to test if it has changed! object
info: Jan-10 19:46:06.728 [BOOT] Completed incremental boot
info: Jan-10 19:46:06.811 [BOOT] _maybeFinalizeOrOpenConnectionToMS will finalize SocketManager
info: Jan-10 19:46:06.811 [SOCKET-MANAGER] (T8PQCQ6MT) Changing from prov_connected to prov_finalize
info: Jan-10 19:46:06.811 [SOCKET-MANAGER] (T8PQCQ6MT) will stay in prov_finalize state for up to 10000 ms
info: Jan-10 19:46:06.812 [SOCKET-MANAGER] (T8PQCQ6MT) Changing from prov_finalize to prov_finalizing
info: Jan-10 19:46:06.812 [SOCKET-MANAGER] (T8PQCQ6MT) will stay in prov_finalizing state for up to 10000 ms
info: Jan-10 19:46:06.812 [SOCKET-MANAGER] (T8PQCQ6MT) Changing from prov_finalizing to connected
info: Jan-10 19:46:06.812 [SOCKET-MANAGER] (T8PQCQ6MT) will stay in connected state for up to Infinity ms
info: Jan-10 19:46:06.812 [BOOT] _maybeFinalizeOrOpenConnectionToMS did finalize SocketManager
info: Jan-10 19:46:06.813 [BOOT] Finished first boot 891 ms after DOM ready
info: Jan-10 19:46:06.854 [MESSAGE-LIST] componentWillReceiveProps isLoading: false isLoadingOlder: false timestamps: 8
info: Jan-10 19:46:06.921 [CHECK-UNREADS] unreadLineVisible updated: false -> true
info: Jan-10 19:46:06.978 [CHECK-UNREADS] Checking unreads after unread line became visible
info: Jan-10 19:46:06.979 [CHECK-UNREADS] Not marking C8QMZAT9V because attention not on chat
info: Jan-10 19:46:06.989 [CHECK-UNREADS] Checking unreads after fully booted
info: Jan-10 19:46:06.990 [CHECK-UNREADS] Not marking C8QMZAT9V because attention not on chat
info: Jan-10 19:46:07.152 [UNREAD-COUNTS] Completed users.counts processing
info: Jan-10 19:48:27.591 [CHECK-UNREADS] Checking unreads after window became focused
info: Jan-10 19:48:27.592 [CHECK-UNREADS] Not marking C8QMZAT9V because attention not on chat
info: Jan-10 20:07:30.414 [CHECK-UNREADS] Checking unreads after window became focused
info: Jan-10 20:07:30.414 [CHECK-UNREADS] Not marking C8QMZAT9V because attention not on chat
info: Jan-10 20:07:47.529 [CHECK-UNREADS] Checking unreads after window became focused
info: Jan-10 20:07:47.530 [CHECK-UNREADS] Not marking C8QMZAT9V because attention not on chat
info: Jan-10 22:13:43.857 [SOCKET-MANAGER] (T8PQCQ6MT) Changing from connected to error
info: Jan-10 22:13:43.857 [SOCKET-MANAGER] (T8PQCQ6MT) will stay in error state for up to 10000 ms
error: Jan-10 22:13:43.857 SOCKET-MANAGER (T8PQCQ6MT) Closing socket due to unknown error
info: 2018/1/10 22:13:43.859  Stacktrace: ↴
 at e (https://a.slack-edge.com/bv1-1/rollup-core_required_ts.4ebefec8f3aaadc0e210.min.js:1:62892)
at https://a.slack-edge.com/bv1-1/application.c713be32c99e6b4d2e67.min.js:1:875023
at e (https://a.slack-edge.com/bv1-1/application.c713be32c99e6b4d2e67.min.js:1:1081891)
at e (https://a.slack-edge.com/bv1-1/application.c713be32c99e6b4d2e67.min.js:1:1083614)
at s (https://a.slack-edge.com/bv1-1/application.c713be32c99e6b4d2e67.min.js:1:1001815)
at e (https://a.slack-edge.com/bv1-1/application.c713be32c99e6b4d2e67.min.js:1:1083987)
at e (https://a.slack-edge.com/bv1-1/application.c713be32c99e6b4d2e67.min.js:1:1078015)
at e.<anonymous> (https://a.slack-edge.com/bv1-1/rollup-core_required_libs.e2128ea6d06d0290a7f7.min.js:1:833771)
at O (https://a.slack-edge.com/bv1-1/application.c713be32c99e6b4d2e67.min.js:1:1136864)
at WebSocket._socket.onclose (https://a.slack-edge.com/bv1-1/application.c713be32c99e6b4d2e67.min.js:1:1138530)
info: Jan-10 22:13:43.861 [INFO] Hiding the reconnection banner because we are disconnected
info: Jan-10 22:13:43.884 [SOCKET-MANAGER] (T8PQCQ6MT) Changing from error to wait_for_connectivity
info: Jan-10 22:13:43.884 [SOCKET-MANAGER] (T8PQCQ6MT) will stay in wait_for_connectivity state for up to 300000 ms
info: Jan-10 22:13:44.860 [SOCKET-MANAGER] (T8PQCQ6MT) Changing from wait_for_connectivity to wait_for_rate_limit
info: Jan-10 22:13:44.860 [SOCKET-MANAGER] (T8PQCQ6MT) will stay in wait_for_rate_limit state for up to 120000 ms
info: Jan-10 22:13:44.870 [SOCKET-MANAGER] (T8PQCQ6MT) Changing from wait_for_rate_limit to connect
info: Jan-10 22:13:44.870 [SOCKET-MANAGER] (T8PQCQ6MT) will stay in connect state for up to 10000 ms
info: Jan-10 22:13:44.870 [SOCKET-MANAGER] (T8PQCQ6MT) Changing from connect to checking_fast_reconnect
info: Jan-10 22:13:44.870 [SOCKET-MANAGER] (T8PQCQ6MT) will stay in checking_fast_reconnect state for up to 60000 ms
info: Jan-10 22:13:44.213 [SOCKET-MANAGER] (T8PQCQ6MT) Changing from checking_fast_reconnect to connecting
info: Jan-10 22:13:44.213 [SOCKET-MANAGER] (T8PQCQ6MT) will stay in connecting state for up to 20000 ms
info: Jan-10 22:13:44.605 [SOCKET-MANAGER] (T8PQCQ6MT) received an error of type 3: Cannot create connection
info: Jan-10 22:13:44.605 [SOCKET-MANAGER] (T8PQCQ6MT) Changing from connecting to error
info: Jan-10 22:13:44.605 [SOCKET-MANAGER] (T8PQCQ6MT) will stay in error state for up to 10000 ms
error: Jan-10 22:13:44.605 SOCKET-MANAGER (T8PQCQ6MT) Closing socket due to unknown error
info: 2018/1/10 22:13:44.606  Stacktrace: ↴
 at e (https://a.slack-edge.com/bv1-1/rollup-core_required_ts.4ebefec8f3aaadc0e210.min.js:1:62892)
at https://a.slack-edge.com/bv1-1/application.c713be32c99e6b4d2e67.min.js:1:875023
at e (https://a.slack-edge.com/bv1-1/application.c713be32c99e6b4d2e67.min.js:1:1081891)
at e (https://a.slack-edge.com/bv1-1/application.c713be32c99e6b4d2e67.min.js:1:1083614)
at e (https://a.slack-edge.com/bv1-1/application.c713be32c99e6b4d2e67.min.js:1:1078809)
at e.<anonymous> (https://a.slack-edge.com/bv1-1/rollup-core_required_libs.e2128ea6d06d0290a7f7.min.js:1:833771)
at x (https://a.slack-edge.com/bv1-1/application.c713be32c99e6b4d2e67.min.js:1:1137586)
at WebSocket._socket.onmessage (https://a.slack-edge.com/bv1-1/application.c713be32c99e6b4d2e67.min.js:1:1138578)
warn: Jan-10 22:13:44.607 Unexpected start error: Cannot create connection
info: Jan-10 22:13:44.616 [SOCKET-MANAGER] (T8PQCQ6MT) Changing from error to wait_for_connectivity
info: Jan-10 22:13:44.616 [SOCKET-MANAGER] (T8PQCQ6MT) will stay in wait_for_connectivity state for up to 300000 ms
info: Jan-10 22:13:44.732 [SOCKET-MANAGER] (T8PQCQ6MT) Changing from wait_for_connectivity to wait_for_rate_limit
info: Jan-10 22:13:44.732 [SOCKET-MANAGER] (T8PQCQ6MT) will stay in wait_for_rate_limit state for up to 120000 ms
info: Jan-10 22:13:44.732 [SOCKET-MANAGER] (T8PQCQ6MT) Changing from wait_for_rate_limit to connect
info: Jan-10 22:13:44.732 [SOCKET-MANAGER] (T8PQCQ6MT) will stay in connect state for up to 10000 ms
info: Jan-10 22:13:44.733 [SOCKET-MANAGER] (T8PQCQ6MT) Changing from connect to checking_fast_reconnect
info: Jan-10 22:13:44.733 [SOCKET-MANAGER] (T8PQCQ6MT) will stay in checking_fast_reconnect state for up to 60000 ms
info: Jan-10 22:13:44.733 [SOCKET-MANAGER] (T8PQCQ6MT) Changing from checking_fast_reconnect to prov_connect
info: Jan-10 22:13:44.733 [SOCKET-MANAGER] (T8PQCQ6MT) will stay in prov_connect state for up to 10000 ms
info: Jan-10 22:13:44.734 [SOCKET-MANAGER] (T8PQCQ6MT) Changing from prov_connect to prov_connecting
info: Jan-10 22:13:44.734 [SOCKET-MANAGER] (T8PQCQ6MT) will stay in prov_connecting state for up to 20000 ms
info: Jan-10 22:13:45.191 [SOCKET-MANAGER] (T8PQCQ6MT) Changing from prov_connecting to prov_connected
info: Jan-10 22:13:45.191 [SOCKET-MANAGER] (T8PQCQ6MT) will stay in prov_connected state for up to 60000 ms
info: Jan-10 22:13:45.192 [INFO] Got start data from Socket Manager; hydrating it
info: Jan-10 22:13:45.235 [INFO] Successfully hydrated start data from Socket Manager; processing it
warn: Jan-10 22:13:45.236 activity is not scalar! it needs to be handled by upsertTeam specifically to test if it has changed! object
info: Jan-10 22:13:45.334 [BOOT] _maybeFinalizeOrOpenConnectionToMS will finalize SocketManager
info: Jan-10 22:13:45.334 [SOCKET-MANAGER] (T8PQCQ6MT) Changing from prov_connected to prov_finalize
info: Jan-10 22:13:45.335 [SOCKET-MANAGER] (T8PQCQ6MT) will stay in prov_finalize state for up to 10000 ms
info: Jan-10 22:13:45.335 [SOCKET-MANAGER] (T8PQCQ6MT) Changing from prov_finalize to prov_finalizing
info: Jan-10 22:13:45.335 [SOCKET-MANAGER] (T8PQCQ6MT) will stay in prov_finalizing state for up to 10000 ms
info: Jan-10 22:13:45.335 [SOCKET-MANAGER] (T8PQCQ6MT) Changing from prov_finalizing to connected
info: Jan-10 22:13:45.335 [SOCKET-MANAGER] (T8PQCQ6MT) will stay in connected state for up to Infinity ms
info: Jan-10 22:13:45.335 [BOOT] _maybeFinalizeOrOpenConnectionToMS did finalize SocketManager
info: Jan-10 22:13:45.357 [MESSAGE-LIST] requestAround channelId: C8QMZAT9V isLoading: false timestamps: 0 reachedStart: false reachedEnd: false
info: Jan-10 22:13:45.357 [HISTORY-FETCH] Fetching history for message pane: C8QMZAT9V
info: Jan-10 22:13:45.358 [CHECK-UNREADS] unreadLineVisible updated: true -> false
info: Jan-10 22:13:45.381 [MESSAGE-LIST] componentWillReceiveProps isLoading: true isLoadingOlder: null timestamps: 0
info: Jan-10 22:13:45.436 [UNREAD-COUNTS] Completed users.counts processing
info: Jan-10 22:13:45.475 [UNREAD-COUNTS] Counting unreads in C8QMZAT9V because (11) timestamps added
info: Jan-10 22:13:45.480 [MESSAGE-LIST] componentWillReceiveProps isLoading: false isLoadingOlder: false timestamps: 8
info: Jan-10 22:13:45.510 [CHECK-UNREADS] unreadLineVisible updated: false -> true
info: Jan-10 22:13:45.517 [CHECK-UNREADS] Checking unreads after unread line became visible
info: Jan-10 22:13:45.517 [CHECK-UNREADS] Not marking C8QMZAT9V because attention not on chat
info: Jan-10 22:15:27.314 [CHECK-UNREADS] Checking unreads after window became focused
info: Jan-10 22:15:27.315 [CHECK-UNREADS] Not marking C8QMZAT9V because last_read >= latest && channel is read
info: Jan-10 22:19:57.323 [CHECK-UNREADS] Checking unreads after window became focused
info: Jan-10 22:19:57.324 [CHECK-UNREADS] Not marking C8QMZAT9V because last_read >= latest && channel is read
info: Jan-10 23:01:19.442 [SOCKET-MANAGER] (T8PQCQ6MT) got offline event; moving to DISCONNECT as needed
info: Jan-10 23:01:19.443 [SOCKET-MANAGER] (T8PQCQ6MT) Changing from connected to disconnect
info: Jan-10 23:01:19.443 [SOCKET-MANAGER] (T8PQCQ6MT) will stay in disconnect state for up to 10000 ms
info: Jan-10 23:01:19.444 [SOCKET-MANAGER] (T8PQCQ6MT) Changing from disconnect to disconnecting
info: Jan-10 23:01:19.444 [SOCKET-MANAGER] (T8PQCQ6MT) will stay in disconnecting state for up to 10000 ms
info: Jan-10 23:01:19.444 [SOCKET-MANAGER] (T8PQCQ6MT) Changing from disconnecting to disconnected
info: Jan-10 23:01:19.444 [SOCKET-MANAGER] (T8PQCQ6MT) will stay in disconnected state for up to 10000 ms
info: Jan-10 23:01:19.444 [SOCKET-MANAGER] (T8PQCQ6MT) Disconnected! Online? false
info: Jan-10 23:01:19.444 [SOCKET-MANAGER] (T8PQCQ6MT) Changing from disconnected to wait_for_connectivity
info: Jan-10 23:01:19.444 [SOCKET-MANAGER] (T8PQCQ6MT) will stay in wait_for_connectivity state for up to 300000 ms
info: Jan-10 23:01:19.446 [INFO] Hiding the reconnection banner because we are disconnected
warn: Jan-11 08:17:23.353 Internet connection still offline after 1 attempts (browser says it is still offline)
warn: Jan-11 08:17:24.439 Internet connection still offline after 2 attempts (browser says it is still offline)
warn: Jan-11 08:17:26.439 Internet connection still offline after 3 attempts (browser says it is still offline)
warn: Jan-11 08:17:28.439 Internet connection still offline after 4 attempts (browser says it is still offline)
warn: Jan-11 08:17:30.439 Internet connection still offline after 5 attempts (browser says it is still offline)
warn: Jan-11 08:17:32.439 Internet connection still offline after 6 attempts (browser says it is still offline)
warn: Jan-11 08:17:34.439 Internet connection still offline after 7 attempts (browser says it is still offline)
warn: Jan-11 08:17:36.439 Internet connection still offline after 8 attempts (browser says it is still offline)
warn: Jan-11 08:17:38.439 Internet connection still offline after 9 attempts (browser says it is still offline)
warn: Jan-11 08:17:40.439 Internet connection still offline after 10 attempts (browser says it is still offline)
warn: Jan-11 08:17:42.492 Internet connection still offline after 11 attempts (unable to reach API)
warn: Jan-11 08:17:44.454 Internet connection still offline after 12 attempts (unable to reach API)
warn: Jan-11 08:17:46.460 Internet connection still offline after 13 attempts (unable to reach API)
warn: Jan-11 08:17:48.455 Internet connection still offline after 14 attempts (unable to reach API)
warn: Jan-11 08:17:50.569 Internet connection still offline after 15 attempts (unable to reach API)
warn: Jan-11 08:17:52.454 Internet connection still offline after 16 attempts (unable to reach API)
warn: Jan-11 08:17:54.457 Internet connection still offline after 17 attempts (unable to reach API)
info: Jan-11 08:17:57.599 [INFO] Internet connection has been re-established after 18 retry attempts; offline for NaN seconds
info: Jan-11 08:17:57.600 [SOCKET-MANAGER] (T8PQCQ6MT) Changing from wait_for_connectivity to wait_for_rate_limit
info: Jan-11 08:17:57.600 [SOCKET-MANAGER] (T8PQCQ6MT) will stay in wait_for_rate_limit state for up to 120000 ms
info: Jan-11 08:17:57.600 [SOCKET-MANAGER] (T8PQCQ6MT) Changing from wait_for_rate_limit to connect
info: Jan-11 08:17:57.600 [SOCKET-MANAGER] (T8PQCQ6MT) will stay in connect state for up to 10000 ms
info: Jan-11 08:17:57.601 [SOCKET-MANAGER] (T8PQCQ6MT) Changing from connect to checking_fast_reconnect
info: Jan-11 08:17:57.601 [SOCKET-MANAGER] (T8PQCQ6MT) will stay in checking_fast_reconnect state for up to 60000 ms
info: Jan-11 08:17:57.601 [SOCKET-MANAGER] (T8PQCQ6MT) Changing from checking_fast_reconnect to prov_connect
info: Jan-11 08:17:57.601 [SOCKET-MANAGER] (T8PQCQ6MT) will stay in prov_connect state for up to 10000 ms
info: Jan-11 08:17:57.602 [SOCKET-MANAGER] (T8PQCQ6MT) Changing from prov_connect to prov_connecting
info: Jan-11 08:17:57.602 [SOCKET-MANAGER] (T8PQCQ6MT) will stay in prov_connecting state for up to 20000 ms
info: Jan-11 08:17:58.680 [SOCKET-MANAGER] (T8PQCQ6MT) Changing from prov_connecting to prov_connected
info: Jan-11 08:17:58.690 [SOCKET-MANAGER] (T8PQCQ6MT) will stay in prov_connected state for up to 60000 ms
info: Jan-11 08:17:58.690 [INFO] Got start data from Socket Manager; hydrating it
info: Jan-11 08:17:58.440 [INFO] Successfully hydrated start data from Socket Manager; processing it
warn: Jan-11 08:17:58.440 activity is not scalar! it needs to be handled by upsertTeam specifically to test if it has changed! object
info: Jan-11 08:17:58.544 [BOOT] _maybeFinalizeOrOpenConnectionToMS will finalize SocketManager
info: Jan-11 08:17:58.544 [SOCKET-MANAGER] (T8PQCQ6MT) Changing from prov_connected to prov_finalize
info: Jan-11 08:17:58.545 [SOCKET-MANAGER] (T8PQCQ6MT) will stay in prov_finalize state for up to 10000 ms
info: Jan-11 08:17:58.545 [SOCKET-MANAGER] (T8PQCQ6MT) Changing from prov_finalize to prov_finalizing
info: Jan-11 08:17:58.545 [SOCKET-MANAGER] (T8PQCQ6MT) will stay in prov_finalizing state for up to 10000 ms
info: Jan-11 08:17:58.545 [SOCKET-MANAGER] (T8PQCQ6MT) Changing from prov_finalizing to connected
info: Jan-11 08:17:58.545 [SOCKET-MANAGER] (T8PQCQ6MT) will stay in connected state for up to Infinity ms
info: Jan-11 08:17:58.545 [BOOT] _maybeFinalizeOrOpenConnectionToMS did finalize SocketManager
info: Jan-11 08:17:58.660 [UNREAD-COUNTS] Completed users.counts processing
warn: %cUnhandled rejection Error: Cannot send message; this socket has been closed
    at e (https://a.slack-edge.com/bv1-1/application.c713be32c99e6b4d2e67.min.js:1:1138961)
    at e (https://a.slack-edge.com/bv1-1/application.c713be32c99e6b4d2e67.min.js:1:1076194)
    at https://a.slack-edge.com/bv1-1/application.c713be32c99e6b4d2e67.min.js:1:999859
    at https://a.slack-edge.com/bv1-1/application.c713be32c99e6b4d2e67.min.js:1:2879877
    at https://a.slack-edge.com/bv1-1/application.c713be32c99e6b4d2e67.min.js:1:2880164
    at https://a.slack-edge.com/bv1-1/application.c713be32c99e6b4d2e67.min.js:1:2879877
    at Object.dispatch (https://a.slack-edge.com/bv1-1/application.c713be32c99e6b4d2e67.min.js:1:237958)
    at Object.n [as dispatch] (https://a.slack-edge.com/bv1-1/rollup-core_required_ts.4ebefec8f3aaadc0e210.min.js:1:105125)
    at Object.send (https://a.slack-edge.com/bv1-1/application.c713be32c99e6b4d2e67.min.js:1:2021424)
    at Object.e [as tickleMS] (https://a.slack-edge.com/bv1-1/rollup-client.2301e7d257125baa97f9.min.js:1:309036)
    at Object.e [as maybeTickleMS] (https://a.slack-edge.com/bv1-1/rollup-client.2301e7d257125baa97f9.min.js:1:308853)
    at Object.e [as maybeTickleMS] (https://a.slack-edge.com/bv1-1/rollup-core_required_ts.4ebefec8f3aaadc0e210.min.js:1:131292)
    at Object.maybeTickleMS (https://bigboysquad.slack.com/messages/C8QMZAT9V:834:11)
    at setInterval (/usr/lib/slack/resources/app.asar/src/ssb/setup-idle-tickle.ts:21:19)
info: Jan-11 10:12:27.208 [SOCKET-MANAGER] (T8PQCQ6MT) Changing from connected to error
info: Jan-11 10:12:27.208 [SOCKET-MANAGER] (T8PQCQ6MT) will stay in error state for up to 10000 ms
error: Jan-11 10:12:27.208 SOCKET-MANAGER (T8PQCQ6MT) Closing socket due to unknown error
info: 2018/1/11 10:12:27.209  Stacktrace: ↴
 at e (https://a.slack-edge.com/bv1-1/rollup-core_required_ts.4ebefec8f3aaadc0e210.min.js:1:62892)
at https://a.slack-edge.com/bv1-1/application.c713be32c99e6b4d2e67.min.js:1:875023
at e (https://a.slack-edge.com/bv1-1/application.c713be32c99e6b4d2e67.min.js:1:1081891)
at e (https://a.slack-edge.com/bv1-1/application.c713be32c99e6b4d2e67.min.js:1:1083614)
at s (https://a.slack-edge.com/bv1-1/application.c713be32c99e6b4d2e67.min.js:1:1001815)
at e (https://a.slack-edge.com/bv1-1/application.c713be32c99e6b4d2e67.min.js:1:1083987)
at e (https://a.slack-edge.com/bv1-1/application.c713be32c99e6b4d2e67.min.js:1:1078015)
at e.<anonymous> (https://a.slack-edge.com/bv1-1/rollup-core_required_libs.e2128ea6d06d0290a7f7.min.js:1:833771)
at O (https://a.slack-edge.com/bv1-1/application.c713be32c99e6b4d2e67.min.js:1:1136864)
at WebSocket._socket.onclose (https://a.slack-edge.com/bv1-1/application.c713be32c99e6b4d2e67.min.js:1:1138530)
info: Jan-11 10:12:27.210 [INFO] Hiding the reconnection banner because we are disconnected
info: Jan-11 10:12:27.898 [SOCKET-MANAGER] (T8PQCQ6MT) Changing from error to wait_for_connectivity
info: Jan-11 10:12:27.898 [SOCKET-MANAGER] (T8PQCQ6MT) will stay in wait_for_connectivity state for up to 300000 ms
info: Jan-11 10:12:28.176 [SOCKET-MANAGER] (T8PQCQ6MT) Changing from wait_for_connectivity to wait_for_rate_limit
info: Jan-11 10:12:28.176 [SOCKET-MANAGER] (T8PQCQ6MT) will stay in wait_for_rate_limit state for up to 120000 ms
info: Jan-11 10:12:28.177 [SOCKET-MANAGER] (T8PQCQ6MT) Changing from wait_for_rate_limit to connect
info: Jan-11 10:12:28.177 [SOCKET-MANAGER] (T8PQCQ6MT) will stay in connect state for up to 10000 ms
info: Jan-11 10:12:28.177 [SOCKET-MANAGER] (T8PQCQ6MT) Changing from connect to checking_fast_reconnect
info: Jan-11 10:12:28.177 [SOCKET-MANAGER] (T8PQCQ6MT) will stay in checking_fast_reconnect state for up to 60000 ms
info: Jan-11 10:12:28.307 [SOCKET-MANAGER] (T8PQCQ6MT) Changing from checking_fast_reconnect to connecting
info: Jan-11 10:12:28.307 [SOCKET-MANAGER] (T8PQCQ6MT) will stay in connecting state for up to 20000 ms
info: Jan-11 10:12:28.628 [SOCKET-MANAGER] (T8PQCQ6MT) received an error of type 3: Cannot create connection
info: Jan-11 10:12:28.629 [SOCKET-MANAGER] (T8PQCQ6MT) Changing from connecting to error
info: Jan-11 10:12:28.629 [SOCKET-MANAGER] (T8PQCQ6MT) will stay in error state for up to 10000 ms
error: Jan-11 10:12:28.629 SOCKET-MANAGER (T8PQCQ6MT) Closing socket due to unknown error
info: 2018/1/11 10:12:28.630  Stacktrace: ↴
 at e (https://a.slack-edge.com/bv1-1/rollup-core_required_ts.4ebefec8f3aaadc0e210.min.js:1:62892)
at https://a.slack-edge.com/bv1-1/application.c713be32c99e6b4d2e67.min.js:1:875023
at e (https://a.slack-edge.com/bv1-1/application.c713be32c99e6b4d2e67.min.js:1:1081891)
at e (https://a.slack-edge.com/bv1-1/application.c713be32c99e6b4d2e67.min.js:1:1083614)
at e (https://a.slack-edge.com/bv1-1/application.c713be32c99e6b4d2e67.min.js:1:1078809)
at e.<anonymous> (https://a.slack-edge.com/bv1-1/rollup-core_required_libs.e2128ea6d06d0290a7f7.min.js:1:833771)
at x (https://a.slack-edge.com/bv1-1/application.c713be32c99e6b4d2e67.min.js:1:1137586)
at WebSocket._socket.onmessage (https://a.slack-edge.com/bv1-1/application.c713be32c99e6b4d2e67.min.js:1:1138578)
warn: Jan-11 10:12:28.630 Unexpected start error: Cannot create connection
info: Jan-11 10:12:28.898 [SOCKET-MANAGER] (T8PQCQ6MT) Changing from error to wait_for_connectivity
info: Jan-11 10:12:28.898 [SOCKET-MANAGER] (T8PQCQ6MT) will stay in wait_for_connectivity state for up to 300000 ms
info: Jan-11 10:12:29.170 [SOCKET-MANAGER] (T8PQCQ6MT) Changing from wait_for_connectivity to wait_for_rate_limit
info: Jan-11 10:12:29.170 [SOCKET-MANAGER] (T8PQCQ6MT) will stay in wait_for_rate_limit state for up to 120000 ms
info: Jan-11 10:12:29.170 [SOCKET-MANAGER] (T8PQCQ6MT) Changing from wait_for_rate_limit to connect
info: Jan-11 10:12:29.170 [SOCKET-MANAGER] (T8PQCQ6MT) will stay in connect state for up to 10000 ms
info: Jan-11 10:12:29.170 [SOCKET-MANAGER] (T8PQCQ6MT) Changing from connect to checking_fast_reconnect
info: Jan-11 10:12:29.170 [SOCKET-MANAGER] (T8PQCQ6MT) will stay in checking_fast_reconnect state for up to 60000 ms
info: Jan-11 10:12:29.180 [SOCKET-MANAGER] (T8PQCQ6MT) Changing from checking_fast_reconnect to prov_connect
info: Jan-11 10:12:29.180 [SOCKET-MANAGER] (T8PQCQ6MT) will stay in prov_connect state for up to 10000 ms
info: Jan-11 10:12:29.180 [SOCKET-MANAGER] (T8PQCQ6MT) Changing from prov_connect to prov_connecting
info: Jan-11 10:12:29.180 [SOCKET-MANAGER] (T8PQCQ6MT) will stay in prov_connecting state for up to 20000 ms
info: Jan-11 10:12:29.439 [SOCKET-MANAGER] (T8PQCQ6MT) Changing from prov_connecting to prov_connected
info: Jan-11 10:12:29.439 [SOCKET-MANAGER] (T8PQCQ6MT) will stay in prov_connected state for up to 60000 ms
info: Jan-11 10:12:29.440 [INFO] Got start data from Socket Manager; hydrating it
info: Jan-11 10:12:29.899 [INFO] Successfully hydrated start data from Socket Manager; processing it
warn: Jan-11 10:12:29.899 activity is not scalar! it needs to be handled by upsertTeam specifically to test if it has changed! object
info: Jan-11 10:12:29.979 [BOOT] _maybeFinalizeOrOpenConnectionToMS will finalize SocketManager
info: Jan-11 10:12:29.979 [SOCKET-MANAGER] (T8PQCQ6MT) Changing from prov_connected to prov_finalize
info: Jan-11 10:12:29.979 [SOCKET-MANAGER] (T8PQCQ6MT) will stay in prov_finalize state for up to 10000 ms
info: Jan-11 10:12:29.979 [SOCKET-MANAGER] (T8PQCQ6MT) Changing from prov_finalize to prov_finalizing
info: Jan-11 10:12:29.980 [SOCKET-MANAGER] (T8PQCQ6MT) will stay in prov_finalizing state for up to 10000 ms
info: Jan-11 10:12:29.980 [SOCKET-MANAGER] (T8PQCQ6MT) Changing from prov_finalizing to connected
info: Jan-11 10:12:29.980 [SOCKET-MANAGER] (T8PQCQ6MT) will stay in connected state for up to Infinity ms
info: Jan-11 10:12:29.980 [BOOT] _maybeFinalizeOrOpenConnectionToMS did finalize SocketManager
info: Jan-11 10:12:30.159 [UNREAD-COUNTS] Completed users.counts processing
